#
# There is insufficient memory for the Java Runtime Environment to continue.
# Native memory allocation (malloc) failed to allocate 706416 bytes for Chunk::new
# Possible reasons:
#   The system is out of physical RAM or swap space
#   The process is running with CompressedOops enabled, and the Java Heap may be blocking the growth of the native heap
# Possible solutions:
#   Reduce memory load on the system
#   Increase physical memory or swap space
#   Check if swap backing store is full
#   Decrease Java heap size (-Xmx/-Xms)
#   Decrease number of Java threads
#   Decrease Java thread stack sizes (-Xss)
#   Set larger code cache with -XX:ReservedCodeCacheSize=
#   JVM is running with Unscaled Compressed Oops mode in which the Java heap is
#     placed in the first 4GB address space. The Java Heap base address is the
#     maximum limit for the native heap growth. Please use -XX:HeapBaseMinAddress
#     to set the Java Heap base and to place the Java Heap above 4GB virtual address.
# This output file may be truncated or incomplete.
#
#  Out of Memory Error (arena.cpp:184), pid=5368, tid=6044
#
# JRE version: Java(TM) SE Runtime Environment (20.0+36) (build 20+36-2344)
# Java VM: Java HotSpot(TM) 64-Bit Server VM (20+36-2344, mixed mode, sharing, tiered, compressed oops, compressed class ptrs, g1 gc, windows-amd64)
# No core dump will be written. Minidumps are not enabled by default on client versions of Windows
#

---------------  S U M M A R Y ------------

Command Line: -Dclassworlds.conf=C:\Program Files\NetBeans-17\netbeans\java\maven\bin\m2.conf -Dmaven.home=C:\Program Files\NetBeans-17\netbeans\java\maven -Dlibrary.jansi.path=C:\Program Files\NetBeans-17\netbeans\java\maven\lib\jansi-native -Dmaven.multiModuleProjectDirectory=C:\Users\admin\Desktop\QuanLyThuChi org.codehaus.plexus.classworlds.launcher.Launcher -Dexec.vmArgs= -Dexec.args=${exec.vmArgs} -classpath %classpath ${exec.mainClass} ${exec.appArgs} -Dexec.appArgs= -Dexec.mainClass=com.mycompany.quanlythuchi.QuanLyThuChi -Dexec.executable=C:\Program Files\Java\jdk-20\bin\java.exe -Dmaven.ext.class.path=C:\Program Files\NetBeans-17\netbeans\java\maven-nblib\netbeans-eventspy.jar --no-transfer-progress org.codehaus.mojo:exec-maven-plugin:3.1.0:exec

Host: Intel(R) Core(TM) i3-8130U CPU @ 2.20GHz, 4 cores, 7G,  Windows 10 , 64 bit Build 19041 (10.0.19041.2788)
Time: Wed Apr 26 22:30:31 2023 SE Asia Standard Time elapsed time: 2.014011 seconds (0d 0h 0m 2s)

---------------  T H R E A D  ---------------

Current thread (0x000001e9bab67050):  JavaThread "C2 CompilerThread0" daemon [_thread_in_native, id=6044, stack(0x000000052d800000,0x000000052d900000)]


Current CompileTask:
C2:   2014 2396       4       org.codehaus.plexus.util.xml.pull.MXParser::parseStartTag (1195 bytes)

Stack: [0x000000052d800000,0x000000052d900000]
Native frames: (J=compiled Java code, j=interpreted, Vv=VM code, C=native code)
V  [jvm.dll+0x6bb95a]
V  [jvm.dll+0x8483aa]
V  [jvm.dll+0x849fa5]
V  [jvm.dll+0x84a6a3]
V  [jvm.dll+0x280b0f]
V  [jvm.dll+0xc2b11]
V  [jvm.dll+0xc2e35]
V  [jvm.dll+0x3bb142]
V  [jvm.dll+0x3857f5]
V  [jvm.dll+0x384c6a]
V  [jvm.dll+0x24b259]
V  [jvm.dll+0x24a651]
V  [jvm.dll+0x1ce491]
V  [jvm.dll+0x259e1b]
V  [jvm.dll+0x2584f0]
V  [jvm.dll+0x3f2895]
V  [jvm.dll+0x7f4906]
V  [jvm.dll+0x6ba5cb]
C  [ucrtbase.dll+0x21bb2]
C  [KERNEL32.DLL+0x17604]
C  [ntdll.dll+0x526a1]


---------------  P R O C E S S  ---------------

Threads class SMR info:
_java_thread_list=0x000001e9bf23fd90, length=12, elements={
0x000001e99ea3f520, 0x000001e9bab51060, 0x000001e9bab59d80, 0x000001e9bab5cef0,
0x000001e9bab5ea40, 0x000001e9bab60590, 0x000001e9bab62ee0, 0x000001e9bab67050,
0x000001e9bab699e0, 0x000001e9bede60b0, 0x000001e9bedf4d10, 0x000001e9bf281f70
}

Java Threads: ( => current thread )
  0x000001e99ea3f520 JavaThread "main" [_thread_in_vm, id=7528, stack(0x000000052cb00000,0x000000052cc00000)]
  0x000001e9bab51060 JavaThread "Reference Handler" daemon [_thread_blocked, id=9684, stack(0x000000052d200000,0x000000052d300000)]
  0x000001e9bab59d80 JavaThread "Finalizer" daemon [_thread_blocked, id=8624, stack(0x000000052d300000,0x000000052d400000)]
  0x000001e9bab5cef0 JavaThread "Signal Dispatcher" daemon [_thread_blocked, id=10988, stack(0x000000052d400000,0x000000052d500000)]
  0x000001e9bab5ea40 JavaThread "Attach Listener" daemon [_thread_blocked, id=2616, stack(0x000000052d500000,0x000000052d600000)]
  0x000001e9bab60590 JavaThread "Service Thread" daemon [_thread_blocked, id=6272, stack(0x000000052d600000,0x000000052d700000)]
  0x000001e9bab62ee0 JavaThread "Monitor Deflation Thread" daemon [_thread_blocked, id=8912, stack(0x000000052d700000,0x000000052d800000)]
=>0x000001e9bab67050 JavaThread "C2 CompilerThread0" daemon [_thread_in_native, id=6044, stack(0x000000052d800000,0x000000052d900000)]
  0x000001e9bab699e0 JavaThread "C1 CompilerThread0" daemon [_thread_in_native, id=3428, stack(0x000000052d900000,0x000000052da00000)]
  0x000001e9bede60b0 JavaThread "Notification Thread" daemon [_thread_blocked, id=4664, stack(0x000000052da00000,0x000000052db00000)]
  0x000001e9bedf4d10 JavaThread "Common-Cleaner" daemon [_thread_blocked, id=11788, stack(0x000000052dc00000,0x000000052dd00000)]
  0x000001e9bf281f70 JavaThread "C2 CompilerThread1" daemon [_thread_in_native, id=4612, stack(0x000000052e000000,0x000000052e100000)]

Other Threads:
  0x000001e9bab37500 VMThread "VM Thread" [stack: 0x000000052d100000,0x000000052d200000] [id=7200]
  0x000001e9bedf1450 WatcherThread "VM Periodic Task Thread" [stack: 0x000000052db00000,0x000000052dc00000] [id=6100]
  0x000001e99ea9d3d0 WorkerThread "GC Thread#0" [stack: 0x000000052cc00000,0x000000052cd00000] [id=8140]
  0x000001e9bf358ee0 WorkerThread "GC Thread#1" [stack: 0x000000052dd00000,0x000000052de00000] [id=10376]
  0x000001e9bf3591b0 WorkerThread "GC Thread#2" [stack: 0x000000052de00000,0x000000052df00000] [id=3928]
  0x000001e9bf6f3ac0 WorkerThread "GC Thread#3" [stack: 0x000000052df00000,0x000000052e000000] [id=6644]
  0x000001e99eab00e0 ConcurrentGCThread "G1 Main Marker" [stack: 0x000000052cd00000,0x000000052ce00000] [id=10464]
  0x000001e99eab12b0 WorkerThread "G1 Conc#0" [stack: 0x000000052ce00000,0x000000052cf00000] [id=10036]
  0x000001e99eb0ea20 ConcurrentGCThread "G1 Refine#0" [stack: 0x000000052cf00000,0x000000052d000000] [id=5728]
  0x000001e9ba9e5620 ConcurrentGCThread "G1 Service" [stack: 0x000000052d000000,0x000000052d100000] [id=5156]

Threads with active compile tasks:
C2 CompilerThread0     2051 2396       4       org.codehaus.plexus.util.xml.pull.MXParser::parseStartTag (1195 bytes)

VM state: not at safepoint (normal execution)

VM Mutex/Monitor currently owned by a thread: None

Heap address: 0x0000000081e00000, size: 2018 MB, Compressed Oops mode: 32-bit

CDS archive(s) mapped at: [0x0000000800000000-0x0000000800c60000-0x0000000800c60000), size 12976128, SharedBaseAddress: 0x0000000800000000, ArchiveRelocationMode: 0.
Compressed class space mapped at: 0x0000000801000000-0x0000000841000000, reserved size: 1073741824
Narrow klass base: 0x0000000800000000, Narrow klass shift: 0, Narrow klass range: 0x100000000

GC Precious Log:
 CardTable entry size: 512
 Card Set container configuration: InlinePtr #cards 5 size 8 Array Of Cards #cards 12 size 40 Howl #buckets 4 coarsen threshold 1843 Howl Bitmap #cards 512 size 80 coarsen threshold 460 Card regions per heap region 1 cards per card region 2048
 CPUs: 4 total, 4 available
 Memory: 8071M
 Large Page Support: Disabled
 NUMA Support: Disabled
 Compressed Oops: Enabled (32-bit)
 Heap Region Size: 1M
 Heap Min Capacity: 8M
 Heap Initial Capacity: 128M
 Heap Max Capacity: 2018M
 Pre-touch: Disabled
 Parallel Workers: 4
 Concurrent Workers: 1
 Concurrent Refinement Workers: 4
 Periodic GC: Disabled

Heap:
 garbage-first heap   total 131072K, used 39840K [0x0000000081e00000, 0x0000000100000000)
  region size 1024K, 37 young (37888K), 1 survivors (1024K)
 Metaspace       used 12615K, committed 12928K, reserved 1114112K
  class space    used 1458K, committed 1600K, reserved 1048576K

Heap Regions: E=young(eden), S=young(survivor), O=old, HS=humongous(starts), HC=humongous(continues), CS=collection set, F=free, OA=open archive, CA=closed archive, TAMS=top-at-mark-start, PB=parsable bottom
|   0|0x0000000081e00000, 0x0000000081f00000, 0x0000000081f00000|100%| O|  |TAMS 0x0000000081e00000| PB 0x0000000081e00000| Untracked 
|   1|0x0000000081f00000, 0x0000000082000000, 0x0000000082000000|100%| O|  |TAMS 0x0000000081f00000| PB 0x0000000081f00000| Untracked 
|   2|0x0000000082000000, 0x0000000082100000, 0x0000000082100000|100%| O|  |TAMS 0x0000000082000000| PB 0x0000000082000000| Untracked 
|   3|0x0000000082100000, 0x0000000082132c00, 0x0000000082200000| 19%| O|  |TAMS 0x0000000082100000| PB 0x0000000082100000| Untracked 
|   4|0x0000000082200000, 0x0000000082200000, 0x0000000082300000|  0%| F|  |TAMS 0x0000000082200000| PB 0x0000000082200000| Untracked 
|   5|0x0000000082300000, 0x0000000082300000, 0x0000000082400000|  0%| F|  |TAMS 0x0000000082300000| PB 0x0000000082300000| Untracked 
|   6|0x0000000082400000, 0x0000000082400000, 0x0000000082500000|  0%| F|  |TAMS 0x0000000082400000| PB 0x0000000082400000| Untracked 
|   7|0x0000000082500000, 0x0000000082500000, 0x0000000082600000|  0%| F|  |TAMS 0x0000000082500000| PB 0x0000000082500000| Untracked 
|   8|0x0000000082600000, 0x0000000082600000, 0x0000000082700000|  0%| F|  |TAMS 0x0000000082600000| PB 0x0000000082600000| Untracked 
|   9|0x0000000082700000, 0x0000000082700000, 0x0000000082800000|  0%| F|  |TAMS 0x0000000082700000| PB 0x0000000082700000| Untracked 
|  10|0x0000000082800000, 0x0000000082800000, 0x0000000082900000|  0%| F|  |TAMS 0x0000000082800000| PB 0x0000000082800000| Untracked 
|  11|0x0000000082900000, 0x0000000082900000, 0x0000000082a00000|  0%| F|  |TAMS 0x0000000082900000| PB 0x0000000082900000| Untracked 
|  12|0x0000000082a00000, 0x0000000082a00000, 0x0000000082b00000|  0%| F|  |TAMS 0x0000000082a00000| PB 0x0000000082a00000| Untracked 
|  13|0x0000000082b00000, 0x0000000082b00000, 0x0000000082c00000|  0%| F|  |TAMS 0x0000000082b00000| PB 0x0000000082b00000| Untracked 
|  14|0x0000000082c00000, 0x0000000082c00000, 0x0000000082d00000|  0%| F|  |TAMS 0x0000000082c00000| PB 0x0000000082c00000| Untracked 
|  15|0x0000000082d00000, 0x0000000082d00000, 0x0000000082e00000|  0%| F|  |TAMS 0x0000000082d00000| PB 0x0000000082d00000| Untracked 
|  16|0x0000000082e00000, 0x0000000082e00000, 0x0000000082f00000|  0%| F|  |TAMS 0x0000000082e00000| PB 0x0000000082e00000| Untracked 
|  17|0x0000000082f00000, 0x0000000082f00000, 0x0000000083000000|  0%| F|  |TAMS 0x0000000082f00000| PB 0x0000000082f00000| Untracked 
|  18|0x0000000083000000, 0x0000000083000000, 0x0000000083100000|  0%| F|  |TAMS 0x0000000083000000| PB 0x0000000083000000| Untracked 
|  19|0x0000000083100000, 0x0000000083100000, 0x0000000083200000|  0%| F|  |TAMS 0x0000000083100000| PB 0x0000000083100000| Untracked 
|  20|0x0000000083200000, 0x0000000083200000, 0x0000000083300000|  0%| F|  |TAMS 0x0000000083200000| PB 0x0000000083200000| Untracked 
|  21|0x0000000083300000, 0x0000000083300000, 0x0000000083400000|  0%| F|  |TAMS 0x0000000083300000| PB 0x0000000083300000| Untracked 
|  22|0x0000000083400000, 0x0000000083400000, 0x0000000083500000|  0%| F|  |TAMS 0x0000000083400000| PB 0x0000000083400000| Untracked 
|  23|0x0000000083500000, 0x0000000083500000, 0x0000000083600000|  0%| F|  |TAMS 0x0000000083500000| PB 0x0000000083500000| Untracked 
|  24|0x0000000083600000, 0x0000000083600000, 0x0000000083700000|  0%| F|  |TAMS 0x0000000083600000| PB 0x0000000083600000| Untracked 
|  25|0x0000000083700000, 0x0000000083700000, 0x0000000083800000|  0%| F|  |TAMS 0x0000000083700000| PB 0x0000000083700000| Untracked 
|  26|0x0000000083800000, 0x0000000083800000, 0x0000000083900000|  0%| F|  |TAMS 0x0000000083800000| PB 0x0000000083800000| Untracked 
|  27|0x0000000083900000, 0x0000000083900000, 0x0000000083a00000|  0%| F|  |TAMS 0x0000000083900000| PB 0x0000000083900000| Untracked 
|  28|0x0000000083a00000, 0x0000000083a00000, 0x0000000083b00000|  0%| F|  |TAMS 0x0000000083a00000| PB 0x0000000083a00000| Untracked 
|  29|0x0000000083b00000, 0x0000000083b00000, 0x0000000083c00000|  0%| F|  |TAMS 0x0000000083b00000| PB 0x0000000083b00000| Untracked 
|  30|0x0000000083c00000, 0x0000000083c00000, 0x0000000083d00000|  0%| F|  |TAMS 0x0000000083c00000| PB 0x0000000083c00000| Untracked 
|  31|0x0000000083d00000, 0x0000000083d00000, 0x0000000083e00000|  0%| F|  |TAMS 0x0000000083d00000| PB 0x0000000083d00000| Untracked 
|  32|0x0000000083e00000, 0x0000000083e00000, 0x0000000083f00000|  0%| F|  |TAMS 0x0000000083e00000| PB 0x0000000083e00000| Untracked 
|  33|0x0000000083f00000, 0x0000000083f00000, 0x0000000084000000|  0%| F|  |TAMS 0x0000000083f00000| PB 0x0000000083f00000| Untracked 
|  34|0x0000000084000000, 0x0000000084000000, 0x0000000084100000|  0%| F|  |TAMS 0x0000000084000000| PB 0x0000000084000000| Untracked 
|  35|0x0000000084100000, 0x0000000084100000, 0x0000000084200000|  0%| F|  |TAMS 0x0000000084100000| PB 0x0000000084100000| Untracked 
|  36|0x0000000084200000, 0x0000000084200000, 0x0000000084300000|  0%| F|  |TAMS 0x0000000084200000| PB 0x0000000084200000| Untracked 
|  37|0x0000000084300000, 0x0000000084300000, 0x0000000084400000|  0%| F|  |TAMS 0x0000000084300000| PB 0x0000000084300000| Untracked 
|  38|0x0000000084400000, 0x0000000084400000, 0x0000000084500000|  0%| F|  |TAMS 0x0000000084400000| PB 0x0000000084400000| Untracked 
|  39|0x0000000084500000, 0x0000000084500000, 0x0000000084600000|  0%| F|  |TAMS 0x0000000084500000| PB 0x0000000084500000| Untracked 
|  40|0x0000000084600000, 0x0000000084600000, 0x0000000084700000|  0%| F|  |TAMS 0x0000000084600000| PB 0x0000000084600000| Untracked 
|  41|0x0000000084700000, 0x0000000084700000, 0x0000000084800000|  0%| F|  |TAMS 0x0000000084700000| PB 0x0000000084700000| Untracked 
|  42|0x0000000084800000, 0x0000000084800000, 0x0000000084900000|  0%| F|  |TAMS 0x0000000084800000| PB 0x0000000084800000| Untracked 
|  43|0x0000000084900000, 0x0000000084900000, 0x0000000084a00000|  0%| F|  |TAMS 0x0000000084900000| PB 0x0000000084900000| Untracked 
|  44|0x0000000084a00000, 0x0000000084a00000, 0x0000000084b00000|  0%| F|  |TAMS 0x0000000084a00000| PB 0x0000000084a00000| Untracked 
|  45|0x0000000084b00000, 0x0000000084b00000, 0x0000000084c00000|  0%| F|  |TAMS 0x0000000084b00000| PB 0x0000000084b00000| Untracked 
|  46|0x0000000084c00000, 0x0000000084c00000, 0x0000000084d00000|  0%| F|  |TAMS 0x0000000084c00000| PB 0x0000000084c00000| Untracked 
|  47|0x0000000084d00000, 0x0000000084d00000, 0x0000000084e00000|  0%| F|  |TAMS 0x0000000084d00000| PB 0x0000000084d00000| Untracked 
|  48|0x0000000084e00000, 0x0000000084e00000, 0x0000000084f00000|  0%| F|  |TAMS 0x0000000084e00000| PB 0x0000000084e00000| Untracked 
|  49|0x0000000084f00000, 0x0000000084f00000, 0x0000000085000000|  0%| F|  |TAMS 0x0000000084f00000| PB 0x0000000084f00000| Untracked 
|  50|0x0000000085000000, 0x0000000085000000, 0x0000000085100000|  0%| F|  |TAMS 0x0000000085000000| PB 0x0000000085000000| Untracked 
|  51|0x0000000085100000, 0x0000000085100000, 0x0000000085200000|  0%| F|  |TAMS 0x0000000085100000| PB 0x0000000085100000| Untracked 
|  52|0x0000000085200000, 0x0000000085200000, 0x0000000085300000|  0%| F|  |TAMS 0x0000000085200000| PB 0x0000000085200000| Untracked 
|  53|0x0000000085300000, 0x0000000085300000, 0x0000000085400000|  0%| F|  |TAMS 0x0000000085300000| PB 0x0000000085300000| Untracked 
|  54|0x0000000085400000, 0x0000000085400000, 0x0000000085500000|  0%| F|  |TAMS 0x0000000085400000| PB 0x0000000085400000| Untracked 
|  55|0x0000000085500000, 0x0000000085500000, 0x0000000085600000|  0%| F|  |TAMS 0x0000000085500000| PB 0x0000000085500000| Untracked 
|  56|0x0000000085600000, 0x0000000085600000, 0x0000000085700000|  0%| F|  |TAMS 0x0000000085600000| PB 0x0000000085600000| Untracked 
|  57|0x0000000085700000, 0x0000000085700000, 0x0000000085800000|  0%| F|  |TAMS 0x0000000085700000| PB 0x0000000085700000| Untracked 
|  58|0x0000000085800000, 0x0000000085800000, 0x0000000085900000|  0%| F|  |TAMS 0x0000000085800000| PB 0x0000000085800000| Untracked 
|  59|0x0000000085900000, 0x0000000085900000, 0x0000000085a00000|  0%| F|  |TAMS 0x0000000085900000| PB 0x0000000085900000| Untracked 
|  60|0x0000000085a00000, 0x0000000085a00000, 0x0000000085b00000|  0%| F|  |TAMS 0x0000000085a00000| PB 0x0000000085a00000| Untracked 
|  61|0x0000000085b00000, 0x0000000085b00000, 0x0000000085c00000|  0%| F|  |TAMS 0x0000000085b00000| PB 0x0000000085b00000| Untracked 
|  62|0x0000000085c00000, 0x0000000085c00000, 0x0000000085d00000|  0%| F|  |TAMS 0x0000000085c00000| PB 0x0000000085c00000| Untracked 
|  63|0x0000000085d00000, 0x0000000085d00000, 0x0000000085e00000|  0%| F|  |TAMS 0x0000000085d00000| PB 0x0000000085d00000| Untracked 
|  64|0x0000000085e00000, 0x0000000085e00000, 0x0000000085f00000|  0%| F|  |TAMS 0x0000000085e00000| PB 0x0000000085e00000| Untracked 
|  65|0x0000000085f00000, 0x0000000085f00000, 0x0000000086000000|  0%| F|  |TAMS 0x0000000085f00000| PB 0x0000000085f00000| Untracked 
|  66|0x0000000086000000, 0x0000000086000000, 0x0000000086100000|  0%| F|  |TAMS 0x0000000086000000| PB 0x0000000086000000| Untracked 
|  67|0x0000000086100000, 0x0000000086100000, 0x0000000086200000|  0%| F|  |TAMS 0x0000000086100000| PB 0x0000000086100000| Untracked 
|  68|0x0000000086200000, 0x0000000086200000, 0x0000000086300000|  0%| F|  |TAMS 0x0000000086200000| PB 0x0000000086200000| Untracked 
|  69|0x0000000086300000, 0x0000000086300000, 0x0000000086400000|  0%| F|  |TAMS 0x0000000086300000| PB 0x0000000086300000| Untracked 
|  70|0x0000000086400000, 0x0000000086400000, 0x0000000086500000|  0%| F|  |TAMS 0x0000000086400000| PB 0x0000000086400000| Untracked 
|  71|0x0000000086500000, 0x0000000086500000, 0x0000000086600000|  0%| F|  |TAMS 0x0000000086500000| PB 0x0000000086500000| Untracked 
|  72|0x0000000086600000, 0x0000000086600000, 0x0000000086700000|  0%| F|  |TAMS 0x0000000086600000| PB 0x0000000086600000| Untracked 
|  73|0x0000000086700000, 0x0000000086700000, 0x0000000086800000|  0%| F|  |TAMS 0x0000000086700000| PB 0x0000000086700000| Untracked 
|  74|0x0000000086800000, 0x0000000086800000, 0x0000000086900000|  0%| F|  |TAMS 0x0000000086800000| PB 0x0000000086800000| Untracked 
|  75|0x0000000086900000, 0x0000000086900000, 0x0000000086a00000|  0%| F|  |TAMS 0x0000000086900000| PB 0x0000000086900000| Untracked 
|  76|0x0000000086a00000, 0x0000000086a00000, 0x0000000086b00000|  0%| F|  |TAMS 0x0000000086a00000| PB 0x0000000086a00000| Untracked 
|  77|0x0000000086b00000, 0x0000000086b00000, 0x0000000086c00000|  0%| F|  |TAMS 0x0000000086b00000| PB 0x0000000086b00000| Untracked 
|  78|0x0000000086c00000, 0x0000000086c00000, 0x0000000086d00000|  0%| F|  |TAMS 0x0000000086c00000| PB 0x0000000086c00000| Untracked 
|  79|0x0000000086d00000, 0x0000000086d00000, 0x0000000086e00000|  0%| F|  |TAMS 0x0000000086d00000| PB 0x0000000086d00000| Untracked 
|  80|0x0000000086e00000, 0x0000000086e00000, 0x0000000086f00000|  0%| F|  |TAMS 0x0000000086e00000| PB 0x0000000086e00000| Untracked 
|  81|0x0000000086f00000, 0x0000000086f00000, 0x0000000087000000|  0%| F|  |TAMS 0x0000000086f00000| PB 0x0000000086f00000| Untracked 
|  82|0x0000000087000000, 0x0000000087000000, 0x0000000087100000|  0%| F|  |TAMS 0x0000000087000000| PB 0x0000000087000000| Untracked 
|  83|0x0000000087100000, 0x0000000087100000, 0x0000000087200000|  0%| F|  |TAMS 0x0000000087100000| PB 0x0000000087100000| Untracked 
|  84|0x0000000087200000, 0x0000000087200000, 0x0000000087300000|  0%| F|  |TAMS 0x0000000087200000| PB 0x0000000087200000| Untracked 
|  85|0x0000000087300000, 0x0000000087300000, 0x0000000087400000|  0%| F|  |TAMS 0x0000000087300000| PB 0x0000000087300000| Untracked 
|  86|0x0000000087400000, 0x0000000087400000, 0x0000000087500000|  0%| F|  |TAMS 0x0000000087400000| PB 0x0000000087400000| Untracked 
|  87|0x0000000087500000, 0x0000000087500000, 0x0000000087600000|  0%| F|  |TAMS 0x0000000087500000| PB 0x0000000087500000| Untracked 
|  88|0x0000000087600000, 0x0000000087600000, 0x0000000087700000|  0%| F|  |TAMS 0x0000000087600000| PB 0x0000000087600000| Untracked 
|  89|0x0000000087700000, 0x0000000087700000, 0x0000000087800000|  0%| F|  |TAMS 0x0000000087700000| PB 0x0000000087700000| Untracked 
|  90|0x0000000087800000, 0x0000000087800000, 0x0000000087900000|  0%| F|  |TAMS 0x0000000087800000| PB 0x0000000087800000| Untracked 
|  91|0x0000000087900000, 0x00000000879de608, 0x0000000087a00000| 86%| E|  |TAMS 0x0000000087900000| PB 0x0000000087900000| Complete 
|  92|0x0000000087a00000, 0x0000000087b00000, 0x0000000087b00000|100%| E|CS|TAMS 0x0000000087a00000| PB 0x0000000087a00000| Complete 
|  93|0x0000000087b00000, 0x0000000087c00000, 0x0000000087c00000|100%| E|CS|TAMS 0x0000000087b00000| PB 0x0000000087b00000| Complete 
|  94|0x0000000087c00000, 0x0000000087d00000, 0x0000000087d00000|100%| E|CS|TAMS 0x0000000087c00000| PB 0x0000000087c00000| Complete 
|  95|0x0000000087d00000, 0x0000000087e00000, 0x0000000087e00000|100%| E|CS|TAMS 0x0000000087d00000| PB 0x0000000087d00000| Complete 
|  96|0x0000000087e00000, 0x0000000087f00000, 0x0000000087f00000|100%| E|CS|TAMS 0x0000000087e00000| PB 0x0000000087e00000| Complete 
|  97|0x0000000087f00000, 0x0000000088000000, 0x0000000088000000|100%| E|CS|TAMS 0x0000000087f00000| PB 0x0000000087f00000| Complete 
|  98|0x0000000088000000, 0x0000000088100000, 0x0000000088100000|100%| E|CS|TAMS 0x0000000088000000| PB 0x0000000088000000| Complete 
|  99|0x0000000088100000, 0x0000000088200000, 0x0000000088200000|100%| E|CS|TAMS 0x0000000088100000| PB 0x0000000088100000| Complete 
| 100|0x0000000088200000, 0x0000000088300000, 0x0000000088300000|100%| E|CS|TAMS 0x0000000088200000| PB 0x0000000088200000| Complete 
| 101|0x0000000088300000, 0x0000000088400000, 0x0000000088400000|100%| E|CS|TAMS 0x0000000088300000| PB 0x0000000088300000| Complete 
| 102|0x0000000088400000, 0x0000000088500000, 0x0000000088500000|100%| E|CS|TAMS 0x0000000088400000| PB 0x0000000088400000| Complete 
| 103|0x0000000088500000, 0x0000000088600000, 0x0000000088600000|100%| E|CS|TAMS 0x0000000088500000| PB 0x0000000088500000| Complete 
| 104|0x0000000088600000, 0x0000000088700000, 0x0000000088700000|100%| E|CS|TAMS 0x0000000088600000| PB 0x0000000088600000| Complete 
| 105|0x0000000088700000, 0x0000000088800000, 0x0000000088800000|100%| E|CS|TAMS 0x0000000088700000| PB 0x0000000088700000| Complete 
| 106|0x0000000088800000, 0x0000000088900000, 0x0000000088900000|100%| E|CS|TAMS 0x0000000088800000| PB 0x0000000088800000| Complete 
| 107|0x0000000088900000, 0x0000000088a00000, 0x0000000088a00000|100%| E|CS|TAMS 0x0000000088900000| PB 0x0000000088900000| Complete 
| 108|0x0000000088a00000, 0x0000000088b00000, 0x0000000088b00000|100%| E|CS|TAMS 0x0000000088a00000| PB 0x0000000088a00000| Complete 
| 109|0x0000000088b00000, 0x0000000088c00000, 0x0000000088c00000|100%| E|CS|TAMS 0x0000000088b00000| PB 0x0000000088b00000| Complete 
| 110|0x0000000088c00000, 0x0000000088d00000, 0x0000000088d00000|100%| E|CS|TAMS 0x0000000088c00000| PB 0x0000000088c00000| Complete 
| 111|0x0000000088d00000, 0x0000000088db5540, 0x0000000088e00000| 70%| S|CS|TAMS 0x0000000088d00000| PB 0x0000000088d00000| Complete 
| 112|0x0000000088e00000, 0x0000000088f00000, 0x0000000088f00000|100%| E|CS|TAMS 0x0000000088e00000| PB 0x0000000088e00000| Complete 
| 113|0x0000000088f00000, 0x0000000089000000, 0x0000000089000000|100%| E|CS|TAMS 0x0000000088f00000| PB 0x0000000088f00000| Complete 
| 114|0x0000000089000000, 0x0000000089100000, 0x0000000089100000|100%| E|CS|TAMS 0x0000000089000000| PB 0x0000000089000000| Complete 
| 115|0x0000000089100000, 0x0000000089200000, 0x0000000089200000|100%| E|CS|TAMS 0x0000000089100000| PB 0x0000000089100000| Complete 
| 116|0x0000000089200000, 0x0000000089300000, 0x0000000089300000|100%| E|CS|TAMS 0x0000000089200000| PB 0x0000000089200000| Complete 
| 117|0x0000000089300000, 0x0000000089400000, 0x0000000089400000|100%| E|CS|TAMS 0x0000000089300000| PB 0x0000000089300000| Complete 
| 118|0x0000000089400000, 0x0000000089500000, 0x0000000089500000|100%| E|CS|TAMS 0x0000000089400000| PB 0x0000000089400000| Complete 
| 119|0x0000000089500000, 0x0000000089600000, 0x0000000089600000|100%| E|CS|TAMS 0x0000000089500000| PB 0x0000000089500000| Complete 
| 120|0x0000000089600000, 0x0000000089700000, 0x0000000089700000|100%| E|CS|TAMS 0x0000000089600000| PB 0x0000000089600000| Complete 
| 121|0x0000000089700000, 0x0000000089800000, 0x0000000089800000|100%| E|CS|TAMS 0x0000000089700000| PB 0x0000000089700000| Complete 
| 122|0x0000000089800000, 0x0000000089900000, 0x0000000089900000|100%| E|CS|TAMS 0x0000000089800000| PB 0x0000000089800000| Complete 
| 123|0x0000000089900000, 0x0000000089a00000, 0x0000000089a00000|100%| E|CS|TAMS 0x0000000089900000| PB 0x0000000089900000| Complete 
| 124|0x0000000089a00000, 0x0000000089b00000, 0x0000000089b00000|100%| E|CS|TAMS 0x0000000089a00000| PB 0x0000000089a00000| Complete 
| 125|0x0000000089b00000, 0x0000000089c00000, 0x0000000089c00000|100%| E|CS|TAMS 0x0000000089b00000| PB 0x0000000089b00000| Complete 
| 126|0x0000000089c00000, 0x0000000089d00000, 0x0000000089d00000|100%| E|CS|TAMS 0x0000000089c00000| PB 0x0000000089c00000| Complete 
| 127|0x0000000089d00000, 0x0000000089e00000, 0x0000000089e00000|100%| E|CS|TAMS 0x0000000089d00000| PB 0x0000000089d00000| Complete 

Card table byte_map: [0x000001e9b5f00000,0x000001e9b6300000] _byte_map_base: 0x000001e9b5af1000

Marking Bits: (CMBitMap*) 0x000001e99ea9ea10
 Bits: [0x000001e9b6700000, 0x000001e9b8688000)

Polling page: 0x000001e99c7b0000

Metaspace:

Usage:
  Non-class:     10.90 MB used.
      Class:      1.42 MB used.
       Both:     12.32 MB used.

Virtual space:
  Non-class space:       64.00 MB reserved,      11.06 MB ( 17%) committed,  1 nodes.
      Class space:        1.00 GB reserved,       1.56 MB ( <1%) committed,  1 nodes.
             Both:        1.06 GB reserved,      12.62 MB (  1%) committed. 

Chunk freelists:
   Non-Class:  3.78 MB
       Class:  2.47 MB
        Both:  6.25 MB

MaxMetaspaceSize: unlimited
CompressedClassSpaceSize: 1.00 GB
Initial GC threshold: 21.00 MB
Current GC threshold: 21.00 MB
CDS: on
MetaspaceReclaimPolicy: balanced
 - commit_granule_bytes: 65536.
 - commit_granule_words: 8192.
 - virtual_space_node_default_size: 8388608.
 - enlarge_chunks_in_place: 1.
 - new_chunks_are_fully_committed: 0.
 - uncommit_free_chunks: 1.
 - use_allocation_guard: 0.


Internal statistics:

num_allocs_failed_limit: 0.
num_arena_births: 236.
num_arena_deaths: 0.
num_vsnodes_births: 2.
num_vsnodes_deaths: 0.
num_space_committed: 202.
num_space_uncommitted: 0.
num_chunks_returned_to_freelist: 0.
num_chunks_taken_from_freelist: 614.
num_chunk_merges: 0.
num_chunk_splits: 463.
num_chunks_enlarged: 380.
num_inconsistent_stats: 0.

CodeHeap 'non-profiled nmethods': size=120000Kb used=843Kb max_used=843Kb free=119156Kb
 bounds [0x000001e9ae5d0000, 0x000001e9ae840000, 0x000001e9b5b00000]
CodeHeap 'profiled nmethods': size=120000Kb used=4801Kb max_used=4801Kb free=115198Kb
 bounds [0x000001e9a6b00000, 0x000001e9a6fc0000, 0x000001e9ae030000]
CodeHeap 'non-nmethods': size=5760Kb used=1442Kb max_used=1462Kb free=4317Kb
 bounds [0x000001e9ae030000, 0x000001e9ae2a0000, 0x000001e9ae5d0000]
 total_blobs=2961 nmethods=2485 adapters=386
 compilation: enabled
              stopped_count=0, restarted_count=0
 full_count=0

Compilation events (20 events):
Event: 2.004 Thread 0x000001e9bab699e0 nmethod 2441 0x000001e9a6f98110 code [0x000001e9a6f982a0, 0x000001e9a6f985d8]
Event: 2.004 Thread 0x000001e9bab699e0 2442       1       org.apache.maven.model.building.DefaultModelBuildingRequest::getValidationLevel (5 bytes)
Event: 2.004 Thread 0x000001e9bab699e0 nmethod 2442 0x000001e9ae69cd10 code [0x000001e9ae69ce80, 0x000001e9ae69cf48]
Event: 2.004 Thread 0x000001e9bab699e0 2443       1       org.apache.maven.model.Dependency::getScope (5 bytes)
Event: 2.005 Thread 0x000001e9bab699e0 nmethod 2443 0x000001e9ae69d010 code [0x000001e9ae69d180, 0x000001e9ae69d248]
Event: 2.006 Thread 0x000001e9bab699e0 2444       1       org.apache.maven.model.Dependency::getGroupId (5 bytes)
Event: 2.007 Thread 0x000001e9bab699e0 nmethod 2444 0x000001e9ae69d310 code [0x000001e9ae69d480, 0x000001e9ae69d548]
Event: 2.007 Thread 0x000001e9bab699e0 2445       1       org.apache.maven.model.Dependency::getArtifactId (5 bytes)
Event: 2.007 Thread 0x000001e9bab699e0 nmethod 2445 0x000001e9ae69d610 code [0x000001e9ae69d780, 0x000001e9ae69d848]
Event: 2.007 Thread 0x000001e9bab699e0 2446       1       org.apache.maven.model.Dependency::getSystemPath (5 bytes)
Event: 2.007 Thread 0x000001e9bab699e0 nmethod 2446 0x000001e9ae69d910 code [0x000001e9ae69da80, 0x000001e9ae69db48]
Event: 2.009 Thread 0x000001e9bf281f70 nmethod 2397 0x000001e9ae69dc10 code [0x000001e9ae69dde0, 0x000001e9ae69e768]
Event: 2.009 Thread 0x000001e9bf281f70 2405       4       org.codehaus.plexus.util.xml.pull.MXParser::isS (30 bytes)
Event: 2.010 Thread 0x000001e9bf281f70 nmethod 2405 0x000001e9ae69ee90 code [0x000001e9ae69f000, 0x000001e9ae69f0c0]
Event: 2.010 Thread 0x000001e9bf281f70 2412       4       org.codehaus.plexus.util.xml.pull.MXParser::next (10 bytes)
Event: 2.011 Thread 0x000001e9bf281f70 nmethod 2412 0x000001e9ae69f190 code [0x000001e9ae69f300, 0x000001e9ae69f3b0]
Event: 2.011 Thread 0x000001e9bf281f70 2427       4       java.util.WeakHashMap::indexFor (6 bytes)
Event: 2.011 Thread 0x000001e9bf281f70 nmethod 2427 0x000001e9ae69f490 code [0x000001e9ae69f600, 0x000001e9ae69f670]
Event: 2.012 Thread 0x000001e9bab699e0 2447       3       org.codehaus.plexus.util.xml.pull.MXParser::isEmptyElementTag (25 bytes)
Event: 2.012 Thread 0x000001e9bab699e0 nmethod 2447 0x000001e9a6f98690 code [0x000001e9a6f98840, 0x000001e9a6f98a80]

GC Heap History (4 events):
Event: 0.629 GC heap before
{Heap before GC invocations=0 (full 0):
 garbage-first heap   total 131072K, used 13312K [0x0000000081e00000, 0x0000000100000000)
  region size 1024K, 13 young (13312K), 0 survivors (0K)
 Metaspace       used 3734K, committed 3904K, reserved 1114112K
  class space    used 396K, committed 448K, reserved 1048576K
}
Event: 0.634 GC heap after
{Heap after GC invocations=1 (full 0):
 garbage-first heap   total 131072K, used 3157K [0x0000000081e00000, 0x0000000100000000)
  region size 1024K, 2 young (2048K), 2 survivors (2048K)
 Metaspace       used 3734K, committed 3904K, reserved 1114112K
  class space    used 396K, committed 448K, reserved 1048576K
}
Event: 1.026 GC heap before
{Heap before GC invocations=1 (full 0):
 garbage-first heap   total 131072K, used 17493K [0x0000000081e00000, 0x0000000100000000)
  region size 1024K, 16 young (16384K), 2 survivors (2048K)
 Metaspace       used 5554K, committed 5760K, reserved 1114112K
  class space    used 629K, committed 704K, reserved 1048576K
}
Event: 1.030 GC heap after
{Heap after GC invocations=2 (full 0):
 garbage-first heap   total 131072K, used 4000K [0x0000000081e00000, 0x0000000100000000)
  region size 1024K, 1 young (1024K), 1 survivors (1024K)
 Metaspace       used 5554K, committed 5760K, reserved 1114112K
  class space    used 629K, committed 704K, reserved 1048576K
}

Dll operation events (8 events):
Event: 0.007 Loaded shared library C:\Program Files\Java\jdk-20\bin\java.dll
Event: 0.017 Loaded shared library C:\Program Files\Java\jdk-20\bin\jsvml.dll
Event: 0.067 Loaded shared library C:\Program Files\Java\jdk-20\bin\net.dll
Event: 0.069 Loaded shared library C:\Program Files\Java\jdk-20\bin\nio.dll
Event: 0.073 Loaded shared library C:\Program Files\Java\jdk-20\bin\zip.dll
Event: 0.205 Loaded shared library C:\Program Files\Java\jdk-20\bin\jimage.dll
Event: 0.212 Loaded shared library C:\Program Files\NetBeans-17\netbeans\java\maven\lib\jansi-native\Windows\x86_64\jansi.dll
Event: 0.225 Loaded shared library C:\Program Files\Java\jdk-20\bin\verify.dll

Deoptimization events (20 events):
Event: 1.956 Thread 0x000001e99ea3f520 Uncommon trap: trap_request=0xffffff45 fr.pc=0x000001e9ae65b270 relative=0x0000000000000070
Event: 1.956 Thread 0x000001e99ea3f520 Uncommon trap: reason=unstable_if action=reinterpret pc=0x000001e9ae65b270 method=java.util.Objects.equals(Ljava/lang/Object;Ljava/lang/Object;)Z @ 6 c2
Event: 1.956 Thread 0x000001e99ea3f520 DEOPT PACKING pc=0x000001e9ae65b270 sp=0x000000052cbfe220
Event: 1.956 Thread 0x000001e99ea3f520 DEOPT UNPACKING pc=0x000001e9ae099d22 sp=0x000000052cbfe1c0 mode 2
Event: 1.965 Thread 0x000001e99ea3f520 Uncommon trap: trap_request=0xfffffff4 fr.pc=0x000001e9ae65a714 relative=0x0000000000000274
Event: 1.965 Thread 0x000001e99ea3f520 Uncommon trap: reason=null_check action=make_not_entrant pc=0x000001e9ae65a714 method=java.util.ArrayList.add(Ljava/lang/Object;[Ljava/lang/Object;I)V @ 14 c2
Event: 1.965 Thread 0x000001e99ea3f520 DEOPT PACKING pc=0x000001e9ae65a714 sp=0x000000052cbfdc30
Event: 1.965 Thread 0x000001e99ea3f520 DEOPT UNPACKING pc=0x000001e9ae099d22 sp=0x000000052cbfdb78 mode 2
Event: 1.978 Thread 0x000001e99ea3f520 Uncommon trap: trap_request=0xffffff45 fr.pc=0x000001e9ae62e104 relative=0x00000000000005c4
Event: 1.978 Thread 0x000001e99ea3f520 Uncommon trap: reason=unstable_if action=reinterpret pc=0x000001e9ae62e104 method=java.lang.String.decodeASCII([BI[CII)I @ 13 c2
Event: 1.978 Thread 0x000001e99ea3f520 DEOPT PACKING pc=0x000001e9ae62e104 sp=0x000000052cbfd8f0
Event: 1.978 Thread 0x000001e99ea3f520 DEOPT UNPACKING pc=0x000001e9ae099d22 sp=0x000000052cbfd718 mode 2
Event: 1.986 Thread 0x000001e99ea3f520 Uncommon trap: trap_request=0xffffff45 fr.pc=0x000001e9ae699b70 relative=0x0000000000000990
Event: 1.986 Thread 0x000001e99ea3f520 Uncommon trap: reason=unstable_if action=reinterpret pc=0x000001e9ae699b70 method=org.codehaus.plexus.util.xml.pull.MXParser.nextImpl()I @ 835 c2
Event: 1.986 Thread 0x000001e99ea3f520 DEOPT PACKING pc=0x000001e9ae699b70 sp=0x000000052cbfdbe0
Event: 1.986 Thread 0x000001e99ea3f520 DEOPT UNPACKING pc=0x000001e9ae099d22 sp=0x000000052cbfdb58 mode 2
Event: 1.991 Thread 0x000001e99ea3f520 Uncommon trap: trap_request=0xffffffc6 fr.pc=0x000001e9ae654348 relative=0x0000000000000948
Event: 1.991 Thread 0x000001e99ea3f520 Uncommon trap: reason=bimorphic_or_optimized_type_check action=maybe_recompile pc=0x000001e9ae654348 method=java.util.HashMap.putVal(ILjava/lang/Object;Ljava/lang/Object;ZZ)Ljava/lang/Object; @ 203 c2
Event: 1.991 Thread 0x000001e99ea3f520 DEOPT PACKING pc=0x000001e9ae654348 sp=0x000000052cbfdbe0
Event: 1.991 Thread 0x000001e99ea3f520 DEOPT UNPACKING pc=0x000001e9ae099d22 sp=0x000000052cbfdb18 mode 2

Classes loaded (20 events):
Event: 1.801 Loading class sun/net/www/protocol/http/Handler done
Event: 1.801 Loading class sun/net/www/protocol/https/Handler done
Event: 1.802 Loading class java/util/regex/Pattern$Pos
Event: 1.802 Loading class java/util/regex/Pattern$Pos done
Event: 1.805 Loading class java/util/ArrayList$SubList$1
Event: 1.805 Loading class java/util/ArrayList$SubList$1 done
Event: 1.863 Loading class java/math/BigDecimal
Event: 1.864 Loading class java/math/BigDecimal done
Event: 1.864 Loading class java/lang/Short$ShortCache
Event: 1.864 Loading class java/lang/Short$ShortCache done
Event: 1.864 Loading class java/lang/Byte$ByteCache
Event: 1.864 Loading class java/lang/Byte$ByteCache done
Event: 1.866 Loading class sun/invoke/util/ValueConversions$1
Event: 1.866 Loading class sun/invoke/util/ValueConversions$1 done
Event: 1.867 Loading class java/lang/invoke/BoundMethodHandle$Species_LI
Event: 1.867 Loading class java/lang/invoke/BoundMethodHandle$Species_LI done
Event: 1.939 Loading class java/util/LinkedList$ListItr
Event: 1.939 Loading class java/util/LinkedList$ListItr done
Event: 1.970 Loading class java/util/Formatter$FixedString
Event: 1.971 Loading class java/util/Formatter$FixedString done

Classes unloaded (0 events):
No events

Classes redefined (0 events):
No events

Internal exceptions (20 events):
Event: 0.727 Thread 0x000001e99ea3f520 Exception <a 'java/lang/NoClassDefFoundError'{0x0000000089b7d910}: javax/enterprise/inject/Typed> (0x0000000089b7d910) 
thrown [s\open\src\hotspot\share\classfile\systemDictionary.cpp, line 294]
Event: 1.567 Thread 0x000001e99ea3f520 Exception <a 'java/lang/NoSuchMethodError'{0x00000000886582d0}: 'void java.lang.invoke.DirectMethodHandle$Holder.invokeSpecial(java.lang.Object, java.lang.Object, java.lang.Object)'> (0x00000000886582d0) 
thrown [s\open\src\hotspot\share\interpreter\linkResolver.cpp, line 773]
Event: 1.572 Thread 0x000001e99ea3f520 Exception <a 'java/lang/NoSuchMethodError'{0x000000008867e8e0}: 'void java.lang.invoke.Invokers$Holder.invokeExact_MT(java.lang.Object, java.lang.Object, java.lang.Object, java.lang.Object)'> (0x000000008867e8e0) 
thrown [s\open\src\hotspot\share\interpreter\linkResolver.cpp, line 773]
Event: 1.588 Thread 0x000001e99ea3f520 Exception <a 'java/lang/NoClassDefFoundError'{0x00000000886fcc60}: com/google/inject/servlet/ServletModuleTargetVisitor> (0x00000000886fcc60) 
thrown [s\open\src\hotspot\share\classfile\systemDictionary.cpp, line 294]
Event: 1.618 Thread 0x000001e99ea3f520 Exception <a 'java/lang/NoSuchMethodError'{0x00000000885e49a8}: 'java.lang.Object java.lang.invoke.DirectMethodHandle$Holder.invokeStatic(java.lang.Object, java.lang.Object, int)'> (0x00000000885e49a8) 
thrown [s\open\src\hotspot\share\interpreter\linkResolver.cpp, line 773]
Event: 1.619 Thread 0x000001e99ea3f520 Exception <a 'java/lang/NoSuchMethodError'{0x00000000885e98a8}: 'void java.lang.invoke.DirectMethodHandle$Holder.invokeStatic(java.lang.Object, java.lang.Object, int, java.lang.Object)'> (0x00000000885e98a8) 
thrown [s\open\src\hotspot\share\interpreter\linkResolver.cpp, line 773]
Event: 1.619 Thread 0x000001e99ea3f520 Exception <a 'java/lang/NoSuchMethodError'{0x00000000885f12c8}: 'void java.lang.invoke.DelegatingMethodHandle$Holder.delegate(java.lang.Object, java.lang.Object, int, java.lang.Object)'> (0x00000000885f12c8) 
thrown [s\open\src\hotspot\share\interpreter\linkResolver.cpp, line 773]
Event: 1.620 Thread 0x000001e99ea3f520 Exception <a 'java/lang/NoSuchMethodError'{0x00000000885f5b38}: 'int java.lang.invoke.DirectMethodHandle$Holder.invokeSpecial(java.lang.Object, java.lang.Object, java.lang.Object)'> (0x00000000885f5b38) 
thrown [s\open\src\hotspot\share\interpreter\linkResolver.cpp, line 773]
Event: 1.648 Thread 0x000001e99ea3f520 Exception <a 'java/lang/NoSuchMethodError'{0x0000000088341468}: 'java.lang.Object java.lang.invoke.DirectMethodHandle$Holder.newInvokeSpecial(java.lang.Object, java.lang.Object, java.lang.Object, java.lang.Object, java.lang.Object, java.lang.Object, java.lang.Object)'> (0x0000000088341468) 
thrown [s\open\src\hotspot\share\interpreter\linkResolver.cpp, line 773]
Event: 1.657 Thread 0x000001e99ea3f520 Exception <a 'java/lang/NoSuchMethodError'{0x000000008837a458}: 'java.lang.Object java.lang.invoke.DirectMethodHandle$Holder.newInvokeSpecial(java.lang.Object, java.lang.Object, java.lang.Object, java.lang.Object, java.lang.Object, java.lang.Object, java.lang.Object, java.lang.Object, java.lang.Object)'> (0x000000008837a458) 
thrown [s\open\src\hotspot\share\interpreter\linkResolver.cpp, line 773]
Event: 1.678 Thread 0x000001e99ea3f520 Exception <a 'java/lang/NoSuchMethodError'{0x00000000882186e0}: 'java.lang.Object java.lang.invoke.DirectMethodHandle$Holder.newInvokeSpecial(java.lang.Object, java.lang.Object, java.lang.Object, java.lang.Object, java.lang.Object, java.lang.Object, java.lang.Object, java.lang.Object, java.lang.Object, java.lang.Object, java.lang.Object, java.lang.Object)'> (0x00000000882186e0) 
thrown [s\open\src\hotspot\share\interpreter\linkResolver.cpp, line 773]
Event: 1.685 Thread 0x000001e99ea3f520 Exception <a 'java/lang/NoSuchMethodError'{0x000000008825d6e8}: 'java.lang.Object java.lang.invoke.DirectMethodHandle$Holder.invokeStatic(java.lang.Object, java.lang.Object, java.lang.Object, java.lang.Object, java.lang.Object, java.lang.Object, java.lang.Object, java.lang.Object, java.lang.Object, java.lang.Object, java.lang.Object, java.lang.Object, java.lang.Object)'> (0x000000008825d6e8) 
thrown [s\open\src\hotspot\share\interpreter\linkResolver.cpp, line 773]
Event: 1.687 Thread 0x000001e99ea3f520 Exception <a 'java/lang/NoSuchMethodError'{0x000000008827c1e8}: 'java.lang.Object java.lang.invoke.DirectMethodHandle$Holder.invokeStatic(java.lang.Object, java.lang.Object, java.lang.Object, java.lang.Object, java.lang.Object, java.lang.Object, java.lang.Object, java.lang.Object, java.lang.Object, java.lang.Object, java.lang.Object, java.lang.Object, java.lang.Object, java.lang.Object)'> (0x000000008827c1e8) 
thrown [s\open\src\hotspot\share\interpreter\linkResolver.cpp, line 773]
Event: 1.690 Thread 0x000001e99ea3f520 Exception <a 'java/lang/NoSuchMethodError'{0x000000008829d518}: 'java.lang.Object java.lang.invoke.DirectMethodHandle$Holder.invokeStatic(java.lang.Object, java.lang.Object, java.lang.Object, java.lang.Object, java.lang.Object, java.lang.Object, java.lang.Object, java.lang.Object, java.lang.Object, java.lang.Object, java.lang.Object, java.lang.Object, java.lang.Object, java.lang.Object, java.lang.Object)'> (0x000000008829d518) 
thrown [s\open\src\hotspot\share\interpreter\linkResolver.cpp, line 773]
Event: 1.713 Thread 0x000001e99ea3f520 Exception <a 'java/lang/NoSuchMethodError'{0x0000000088114f58}: 'java.lang.Object java.lang.invoke.DirectMethodHandle$Holder.invokeStaticInit(java.lang.Object, int, int, int, int)'> (0x0000000088114f58) 
thrown [s\open\src\hotspot\share\interpreter\linkResolver.cpp, line 773]
Event: 1.866 Thread 0x000001e99ea3f520 Exception <a 'java/lang/NoSuchMethodError'{0x0000000087c76708}: 'void java.lang.invoke.DirectMethodHandle$Holder.invokeVirtual(java.lang.Object, java.lang.Object, int)'> (0x0000000087c76708) 
thrown [s\open\src\hotspot\share\interpreter\linkResolver.cpp, line 773]
Event: 1.866 Thread 0x000001e99ea3f520 Exception <a 'java/lang/NoSuchMethodError'{0x0000000087c7a850}: 'int java.lang.invoke.DirectMethodHandle$Holder.invokeSpecial(java.lang.Object, java.lang.Object, java.lang.Object, int)'> (0x0000000087c7a850) 
thrown [s\open\src\hotspot\share\interpreter\linkResolver.cpp, line 773]
Event: 1.867 Thread 0x000001e99ea3f520 Exception <a 'java/lang/NoSuchMethodError'{0x0000000087c8a990}: 'java.lang.Object java.lang.invoke.DirectMethodHandle$Holder.invokeStatic(java.lang.Object, java.lang.Object, java.lang.Object, java.lang.Object, int)'> (0x0000000087c8a990) 
thrown [s\open\src\hotspot\share\interpreter\linkResolver.cpp, line 773]
Event: 1.868 Thread 0x000001e99ea3f520 Exception <a 'java/lang/NoSuchMethodError'{0x0000000087c95be8}: 'void java.lang.invoke.DelegatingMethodHandle$Holder.reinvoke_L(java.lang.Object, java.lang.Object, int)'> (0x0000000087c95be8) 
thrown [s\open\src\hotspot\share\interpreter\linkResolver.cpp, line 773]
Event: 1.965 Thread 0x000001e99ea3f520 Implicit null exception at 0x000001e9ae65a532 to 0x000001e9ae65a704

VM Operations (20 events):
Event: 1.496 Executing VM operation: HandshakeAllThreads
Event: 1.496 Executing VM operation: HandshakeAllThreads done
Event: 1.549 Executing VM operation: ICBufferFull
Event: 1.549 Executing VM operation: ICBufferFull done
Event: 1.566 Executing VM operation: HandshakeAllThreads
Event: 1.566 Executing VM operation: HandshakeAllThreads done
Event: 1.618 Executing VM operation: HandshakeAllThreads
Event: 1.618 Executing VM operation: HandshakeAllThreads done
Event: 1.699 Executing VM operation: HandshakeAllThreads
Event: 1.699 Executing VM operation: HandshakeAllThreads done
Event: 1.734 Executing VM operation: HandshakeAllThreads
Event: 1.734 Executing VM operation: HandshakeAllThreads done
Event: 1.770 Executing VM operation: HandshakeAllThreads
Event: 1.770 Executing VM operation: HandshakeAllThreads done
Event: 1.801 Executing VM operation: HandshakeAllThreads
Event: 1.801 Executing VM operation: HandshakeAllThreads done
Event: 1.801 Executing VM operation: HandshakeAllThreads
Event: 1.801 Executing VM operation: HandshakeAllThreads done
Event: 1.856 Executing VM operation: ICBufferFull
Event: 1.856 Executing VM operation: ICBufferFull done

Events (12 events):
Event: 0.017 Thread 0x000001e99ea3f520 Thread added: 0x000001e99ea3f520
Event: 0.031 Thread 0x000001e9bab51060 Thread added: 0x000001e9bab51060
Event: 0.032 Thread 0x000001e9bab59d80 Thread added: 0x000001e9bab59d80
Event: 0.032 Thread 0x000001e9bab5cef0 Thread added: 0x000001e9bab5cef0
Event: 0.032 Thread 0x000001e9bab5ea40 Thread added: 0x000001e9bab5ea40
Event: 0.032 Thread 0x000001e9bab60590 Thread added: 0x000001e9bab60590
Event: 0.032 Thread 0x000001e9bab62ee0 Thread added: 0x000001e9bab62ee0
Event: 0.032 Thread 0x000001e9bab67050 Thread added: 0x000001e9bab67050
Event: 0.032 Thread 0x000001e9bab699e0 Thread added: 0x000001e9bab699e0
Event: 0.060 Thread 0x000001e9bede60b0 Thread added: 0x000001e9bede60b0
Event: 0.063 Thread 0x000001e9bedf4d10 Thread added: 0x000001e9bedf4d10
Event: 0.754 Thread 0x000001e9bf281f70 Thread added: 0x000001e9bf281f70


Dynamic libraries:
0x00007ff756c20000 - 0x00007ff756c30000 	C:\Program Files\Java\jdk-20\bin\java.exe
0x00007ffcb8450000 - 0x00007ffcb8648000 	C:\Windows\SYSTEM32\ntdll.dll
0x00007ffcb76b0000 - 0x00007ffcb776f000 	C:\Windows\System32\KERNEL32.DLL
0x00007ffcb60d0000 - 0x00007ffcb63aa000 	C:\Windows\System32\KERNELBASE.dll
0x00007ffcb63b0000 - 0x00007ffcb64b0000 	C:\Windows\System32\ucrtbase.dll
0x00007ffcb0620000 - 0x00007ffcb0639000 	C:\Program Files\Java\jdk-20\bin\jli.dll
0x00007ffcaff40000 - 0x00007ffcaff5b000 	C:\Program Files\Java\jdk-20\bin\VCRUNTIME140.dll
0x00007ffcb8360000 - 0x00007ffcb840e000 	C:\Windows\System32\ADVAPI32.dll
0x00007ffcb82c0000 - 0x00007ffcb835e000 	C:\Windows\System32\msvcrt.dll
0x00007ffcb7990000 - 0x00007ffcb7a2c000 	C:\Windows\System32\sechost.dll
0x00007ffcb8190000 - 0x00007ffcb82b6000 	C:\Windows\System32\RPCRT4.dll
0x00007ffcb73f0000 - 0x00007ffcb758d000 	C:\Windows\System32\USER32.dll
0x00007ffcb6010000 - 0x00007ffcb6032000 	C:\Windows\System32\win32u.dll
0x00007ffcb7210000 - 0x00007ffcb723b000 	C:\Windows\System32\GDI32.dll
0x00007ffcb5d30000 - 0x00007ffcb5e40000 	C:\Windows\System32\gdi32full.dll
0x00007ffcb5c40000 - 0x00007ffcb5cdd000 	C:\Windows\System32\msvcp_win.dll
0x00007ffca03a0000 - 0x00007ffca063a000 	C:\Windows\WinSxS\amd64_microsoft.windows.common-controls_6595b64144ccf1df_6.0.19041.1110_none_60b5254171f9507e\COMCTL32.dll
0x00007ffca3b00000 - 0x00007ffca3b0a000 	C:\Windows\SYSTEM32\VERSION.dll
0x00007ffcb7670000 - 0x00007ffcb76a0000 	C:\Windows\System32\IMM32.DLL
0x00007ffcb07b0000 - 0x00007ffcb07bc000 	C:\Program Files\Java\jdk-20\bin\vcruntime140_1.dll
0x00007ffc9bab0000 - 0x00007ffc9bb3e000 	C:\Program Files\Java\jdk-20\bin\msvcp140.dll
0x00007ffc81ec0000 - 0x00007ffc82b57000 	C:\Program Files\Java\jdk-20\bin\server\jvm.dll
0x00007ffc9ff30000 - 0x00007ffc9ff57000 	C:\Windows\SYSTEM32\WINMM.dll
0x00007ffcb1600000 - 0x00007ffcb1609000 	C:\Windows\SYSTEM32\WSOCK32.dll
0x00007ffcb7380000 - 0x00007ffcb73eb000 	C:\Windows\System32\WS2_32.dll
0x00007ffcb4370000 - 0x00007ffcb4382000 	C:\Windows\SYSTEM32\kernel.appcore.dll
0x00007ffcb0790000 - 0x00007ffcb079a000 	C:\Program Files\Java\jdk-20\bin\jimage.dll
0x00007ffcb3770000 - 0x00007ffcb3954000 	C:\Windows\SYSTEM32\DBGHELP.DLL
0x00007ffca0700000 - 0x00007ffca0734000 	C:\Windows\SYSTEM32\dbgcore.DLL
0x00007ffcb6040000 - 0x00007ffcb60c2000 	C:\Windows\System32\bcryptPrimitives.dll
0x00007ffcafe10000 - 0x00007ffcafe36000 	C:\Program Files\Java\jdk-20\bin\java.dll
0x00007ffc9bb40000 - 0x00007ffc9bc17000 	C:\Program Files\Java\jdk-20\bin\jsvml.dll
0x00007ffcb7a40000 - 0x00007ffcb8184000 	C:\Windows\System32\SHELL32.dll
0x00007ffcb3bc0000 - 0x00007ffcb4353000 	C:\Windows\SYSTEM32\windows.storage.dll
0x00007ffcb67e0000 - 0x00007ffcb6b34000 	C:\Windows\System32\combase.dll
0x00007ffcb55c0000 - 0x00007ffcb55ee000 	C:\Windows\SYSTEM32\Wldp.dll
0x00007ffcb6530000 - 0x00007ffcb65dd000 	C:\Windows\System32\SHCORE.dll
0x00007ffcb7590000 - 0x00007ffcb75e5000 	C:\Windows\System32\shlwapi.dll
0x00007ffcb5aa0000 - 0x00007ffcb5abf000 	C:\Windows\SYSTEM32\profapi.dll
0x00007ffcafbe0000 - 0x00007ffcafbf3000 	C:\Program Files\Java\jdk-20\bin\net.dll
0x00007ffcae8b0000 - 0x00007ffcae9ba000 	C:\Windows\SYSTEM32\WINHTTP.dll
0x00007ffcb52d0000 - 0x00007ffcb533a000 	C:\Windows\system32\mswsock.dll
0x00007ffcafba0000 - 0x00007ffcafbb6000 	C:\Program Files\Java\jdk-20\bin\nio.dll
0x00007ffcaf7f0000 - 0x00007ffcaf808000 	C:\Program Files\Java\jdk-20\bin\zip.dll
0x0000000069ac0000 - 0x0000000069ae4000 	C:\Program Files\NetBeans-17\netbeans\java\maven\lib\jansi-native\Windows\x86_64\jansi.dll
0x00007ffcaff30000 - 0x00007ffcaff40000 	C:\Program Files\Java\jdk-20\bin\verify.dll

dbghelp: loaded successfully - version: 4.0.5 - missing functions: none
symbol engine: initialized successfully - sym options: 0x614 - pdb path: .;C:\Program Files\Java\jdk-20\bin;C:\Windows\SYSTEM32;C:\Windows\WinSxS\amd64_microsoft.windows.common-controls_6595b64144ccf1df_6.0.19041.1110_none_60b5254171f9507e;C:\Program Files\Java\jdk-20\bin\server;C:\Program Files\NetBeans-17\netbeans\java\maven\lib\jansi-native\Windows\x86_64

VM Arguments:
jvm_args: -Dclassworlds.conf=C:\Program Files\NetBeans-17\netbeans\java\maven\bin\m2.conf -Dmaven.home=C:\Program Files\NetBeans-17\netbeans\java\maven -Dlibrary.jansi.path=C:\Program Files\NetBeans-17\netbeans\java\maven\lib\jansi-native -Dmaven.multiModuleProjectDirectory=C:\Users\admin\Desktop\QuanLyThuChi 
java_command: org.codehaus.plexus.classworlds.launcher.Launcher -Dexec.vmArgs= -Dexec.args=${exec.vmArgs} -classpath %classpath ${exec.mainClass} ${exec.appArgs} -Dexec.appArgs= -Dexec.mainClass=com.mycompany.quanlythuchi.QuanLyThuChi -Dexec.executable=C:\Program Files\Java\jdk-20\bin\java.exe -Dmaven.ext.class.path=C:\Program Files\NetBeans-17\netbeans\java\maven-nblib\netbeans-eventspy.jar --no-transfer-progress org.codehaus.mojo:exec-maven-plugin:3.1.0:exec
java_class_path (initial): C:\Program Files\NetBeans-17\netbeans\java\maven\boot\plexus-classworlds-2.6.0.jar
Launcher Type: SUN_STANDARD

[Global flags]
     intx CICompilerCount                          = 3                                         {product} {ergonomic}
     uint ConcGCThreads                            = 1                                         {product} {ergonomic}
     uint G1ConcRefinementThreads                  = 4                                         {product} {ergonomic}
   size_t G1HeapRegionSize                         = 1048576                                   {product} {ergonomic}
    uintx GCDrainStackTargetSize                   = 64                                        {product} {ergonomic}
   size_t InitialHeapSize                          = 134217728                                 {product} {ergonomic}
   size_t MarkStackSize                            = 4194304                                   {product} {ergonomic}
   size_t MaxHeapSize                              = 2116026368                                {product} {ergonomic}
   size_t MaxNewSize                               = 1268776960                                {product} {ergonomic}
   size_t MinHeapDeltaBytes                        = 1048576                                   {product} {ergonomic}
   size_t MinHeapSize                              = 8388608                                   {product} {ergonomic}
    uintx NonNMethodCodeHeapSize                   = 5832780                                {pd product} {ergonomic}
    uintx NonProfiledCodeHeapSize                  = 122912730                              {pd product} {ergonomic}
    uintx ProfiledCodeHeapSize                     = 122912730                              {pd product} {ergonomic}
    uintx ReservedCodeCacheSize                    = 251658240                              {pd product} {ergonomic}
     bool SegmentedCodeCache                       = true                                      {product} {ergonomic}
   size_t SoftMaxHeapSize                          = 2116026368                             {manageable} {ergonomic}
     bool UseCompressedClassPointers               = true                           {product lp64_product} {ergonomic}
     bool UseCompressedOops                        = true                           {product lp64_product} {ergonomic}
     bool UseG1GC                                  = true                                      {product} {ergonomic}
     bool UseLargePagesIndividualAllocation        = false                                  {pd product} {ergonomic}

Logging:
Log output configuration:
 #0: stdout all=warning uptime,level,tags foldmultilines=false
 #1: stderr all=off uptime,level,tags foldmultilines=false

Environment Variables:
JAVA_HOME=C:\Program Files\Java\jdk-20
PATH=C:\Program Files\Common Files\Oracle\Java\javapath;C:\Program Files\Microsoft\jdk-11.0.16.101-hotspot\bin;C:\Program Files (x86)\Intel\iCLS Client\;C:\Program Files\Intel\iCLS Client\;C:\Windows\system32;C:\Windows;C:\Windows\System32\Wbem;C:\Windows\System32\WindowsPowerShell\v1.0\;C:\Windows\System32\OpenSSH\;C:\Program Files (x86)\Intel\Intel(R) Management Engine Components\DAL;C:\Program Files\Intel\Intel(R) Management Engine Components\DAL;C:\Program Files (x86)\Intel\Intel(R) Management Engine Components\IPT;C:\Program Files\Intel\Intel(R) Management Engine Components\IPT;E:\ApplicationApp\Git\cmd;C:\Program Files\Microsoft SQL Server\150\Tools\Binn\;C:\Program Files\Microsoft SQL Server\130\Tools\Binn\;C:\xampp\mysql\bin;C:\msys64\mingw64\bin;C:\msys64\mingw64\include;C:\Program Files\Microsoft SQL Server\Client SDK\ODBC\170\Tools\Binn\;C:\Program Files\dotnet\;C:\Program Files\MySQL\MySQL Shell 8.0\bin\;C:\Users\admin\AppData\Local\Microsoft\WindowsApps;C:\Users\admin\AppData\Local\Programs\Microsoft VS Code\bin;C:\msys64\mingw64\bin;C:\msys64\mingw64\include;C:\Users\admin\.dotnet\tools;C:\src\flutter\bin;C:\Windows\System32;
USERNAME=Line's laptop
OS=Windows_NT
PROCESSOR_IDENTIFIER=Intel64 Family 6 Model 142 Stepping 10, GenuineIntel
TMP=C:\Users\admin\AppData\Local\Temp
TEMP=C:\Users\admin\AppData\Local\Temp




---------------  S Y S T E M  ---------------

OS:
 Windows 10 , 64 bit Build 19041 (10.0.19041.2788)
OS uptime: 1 days 11:45 hours
Hyper-V role detected

CPU: total 4 (initial active 4) (2 cores per cpu, 2 threads per core) family 6 model 142 stepping 10 microcode 0xb4, cx8, cmov, fxsr, ht, mmx, 3dnowpref, sse, sse2, sse3, ssse3, sse4.1, sse4.2, popcnt, lzcnt, tsc, tscinvbit, avx, avx2, aes, erms, clmul, bmi1, bmi2, adx, fma, vzeroupper, clflush, clflushopt, hv, rdtscp, f16c

Memory: 4k page, system-wide physical 8071M (1791M free)
TotalPageFile size 8071M (AvailPageFile size 54M)
current process WorkingSet (physical memory assigned to process): 110M, peak: 110M
current process commit charge ("private bytes"): 234M, peak: 234M

vm_info: Java HotSpot(TM) 64-Bit Server VM (20+36-2344) for windows-amd64 JRE (20+36-2344), built on 2023-02-10T19:30:15Z by "mach5one" with MS VC++ 17.1 (VS2022)

END.
