#
# There is insufficient memory for the Java Runtime Environment to continue.
# Native memory allocation (malloc) failed to allocate 121696 bytes for Chunk::new
# Possible reasons:
#   The system is out of physical RAM or swap space
#   The process is running with CompressedOops enabled, and the Java Heap may be blocking the growth of the native heap
# Possible solutions:
#   Reduce memory load on the system
#   Increase physical memory or swap space
#   Check if swap backing store is full
#   Decrease Java heap size (-Xmx/-Xms)
#   Decrease number of Java threads
#   Decrease Java thread stack sizes (-Xss)
#   Set larger code cache with -XX:ReservedCodeCacheSize=
#   JVM is running with Unscaled Compressed Oops mode in which the Java heap is
#     placed in the first 4GB address space. The Java Heap base address is the
#     maximum limit for the native heap growth. Please use -XX:HeapBaseMinAddress
#     to set the Java Heap base and to place the Java Heap above 4GB virtual address.
# This output file may be truncated or incomplete.
#
#  Out of Memory Error (arena.cpp:184), pid=2588, tid=10784
#
# JRE version: Java(TM) SE Runtime Environment (20.0+36) (build 20+36-2344)
# Java VM: Java HotSpot(TM) 64-Bit Server VM (20+36-2344, mixed mode, sharing, tiered, compressed oops, compressed class ptrs, g1 gc, windows-amd64)
# No core dump will be written. Minidumps are not enabled by default on client versions of Windows
#

---------------  S U M M A R Y ------------

Command Line: com.mycompany.quanlythuchi.QuanLyThuChi

Host: Intel(R) Core(TM) i3-8130U CPU @ 2.20GHz, 4 cores, 7G,  Windows 10 , 64 bit Build 19041 (10.0.19041.2788)
Time: Tue Apr 25 10:02:22 2023 SE Asia Standard Time elapsed time: 0.379621 seconds (0d 0h 0m 0s)

---------------  T H R E A D  ---------------

Current thread (0x00000232c0179680):  JavaThread "C2 CompilerThread0" daemon [_thread_in_native, id=10784, stack(0x000000c923100000,0x000000c923200000)]


Current CompileTask:
C2:    379  696       4       java.util.regex.Matcher::search (154 bytes)

Stack: [0x000000c923100000,0x000000c923200000]
Native frames: (J=compiled Java code, j=interpreted, Vv=VM code, C=native code)
V  [jvm.dll+0x6bb95a]
V  [jvm.dll+0x8483aa]
V  [jvm.dll+0x849fa5]
V  [jvm.dll+0x84a6a3]
V  [jvm.dll+0x280b0f]
V  [jvm.dll+0xc2b11]
V  [jvm.dll+0xc2e35]
V  [jvm.dll+0x2f5dbf]
V  [jvm.dll+0x5e32eb]
V  [jvm.dll+0x2543b4]
V  [jvm.dll+0x24ccd4]
V  [jvm.dll+0x24a549]
V  [jvm.dll+0x1ce491]
V  [jvm.dll+0x259e1b]
V  [jvm.dll+0x2584f0]
V  [jvm.dll+0x3f2895]
V  [jvm.dll+0x7f4906]
V  [jvm.dll+0x6ba5cb]
C  [ucrtbase.dll+0x21bb2]
C  [KERNEL32.DLL+0x17604]
C  [ntdll.dll+0x526a1]


---------------  P R O C E S S  ---------------

Threads class SMR info:
_java_thread_list=0x00000232c4748490, length=14, elements={
0x00000232a402e0d0, 0x00000232c0141e30, 0x00000232c014ac50, 0x00000232c014e2f0,
0x00000232c016fe50, 0x00000232c01737b0, 0x00000232c0175100, 0x00000232c0179680,
0x00000232c0182410, 0x00000232c450eb60, 0x00000232c4525f80, 0x00000232c47427d0,
0x00000232c4742d20, 0x00000232c477fdd0
}

Java Threads: ( => current thread )
  0x00000232a402e0d0 JavaThread "main" [_thread_in_vm, id=4936, stack(0x000000c922400000,0x000000c922500000)]
  0x00000232c0141e30 JavaThread "Reference Handler" daemon [_thread_blocked, id=3232, stack(0x000000c922b00000,0x000000c922c00000)]
  0x00000232c014ac50 JavaThread "Finalizer" daemon [_thread_blocked, id=5176, stack(0x000000c922c00000,0x000000c922d00000)]
  0x00000232c014e2f0 JavaThread "Signal Dispatcher" daemon [_thread_blocked, id=8948, stack(0x000000c922d00000,0x000000c922e00000)]
  0x00000232c016fe50 JavaThread "Attach Listener" daemon [_thread_blocked, id=10604, stack(0x000000c922e00000,0x000000c922f00000)]
  0x00000232c01737b0 JavaThread "Service Thread" daemon [_thread_blocked, id=9360, stack(0x000000c922f00000,0x000000c923000000)]
  0x00000232c0175100 JavaThread "Monitor Deflation Thread" daemon [_thread_blocked, id=5552, stack(0x000000c923000000,0x000000c923100000)]
=>0x00000232c0179680 JavaThread "C2 CompilerThread0" daemon [_thread_in_native, id=10784, stack(0x000000c923100000,0x000000c923200000)]
  0x00000232c0182410 JavaThread "C1 CompilerThread0" daemon [_thread_blocked, id=8712, stack(0x000000c923200000,0x000000c923300000)]
  0x00000232c450eb60 JavaThread "Notification Thread" daemon [_thread_blocked, id=9500, stack(0x000000c923300000,0x000000c923400000)]
  0x00000232c4525f80 JavaThread "Common-Cleaner" daemon [_thread_blocked, id=8408, stack(0x000000c923500000,0x000000c923600000)]
  0x00000232c47427d0 JavaThread "Java2D Disposer" daemon [_thread_blocked, id=11432, stack(0x000000c923600000,0x000000c923700000)]
  0x00000232c4742d20 JavaThread "AWT-Shutdown" [_thread_blocked, id=1648, stack(0x000000c923700000,0x000000c923800000)]
  0x00000232c477fdd0 JavaThread "AWT-Windows" daemon [_thread_in_native, id=10324, stack(0x000000c923800000,0x000000c923900000)]

Other Threads:
  0x00000232c0125480 VMThread "VM Thread" [stack: 0x000000c922a00000,0x000000c922b00000] [id=6164]
  0x00000232c4523700 WatcherThread "VM Periodic Task Thread" [stack: 0x000000c923400000,0x000000c923500000] [id=4108]
  0x00000232a408d190 WorkerThread "GC Thread#0" [stack: 0x000000c922500000,0x000000c922600000] [id=11952]
  0x00000232a409fdb0 ConcurrentGCThread "G1 Main Marker" [stack: 0x000000c922600000,0x000000c922700000] [id=7716]
  0x00000232a40a0e90 WorkerThread "G1 Conc#0" [stack: 0x000000c922700000,0x000000c922800000] [id=4736]
  0x00000232a40fe440 ConcurrentGCThread "G1 Refine#0" [stack: 0x000000c922800000,0x000000c922900000] [id=3408]
  0x00000232bffd60d0 ConcurrentGCThread "G1 Service" [stack: 0x000000c922900000,0x000000c922a00000] [id=7876]

Threads with active compile tasks:
C2 CompilerThread0      439  696       4       java.util.regex.Matcher::search (154 bytes)

VM state: not at safepoint (normal execution)

VM Mutex/Monitor currently owned by a thread:  ([mutex/lock_event])
[0x00000232a4026cc0] Metaspace_lock - owner thread: 0x00000232a402e0d0

Heap address: 0x0000000081e00000, size: 2018 MB, Compressed Oops mode: 32-bit

CDS archive(s) mapped at: [0x0000000800000000-0x0000000800c60000-0x0000000800c60000), size 12976128, SharedBaseAddress: 0x0000000800000000, ArchiveRelocationMode: 0.
Compressed class space mapped at: 0x0000000801000000-0x0000000841000000, reserved size: 1073741824
Narrow klass base: 0x0000000800000000, Narrow klass shift: 0, Narrow klass range: 0x100000000

GC Precious Log:
 CardTable entry size: 512
 Card Set container configuration: InlinePtr #cards 5 size 8 Array Of Cards #cards 12 size 40 Howl #buckets 4 coarsen threshold 1843 Howl Bitmap #cards 512 size 80 coarsen threshold 460 Card regions per heap region 1 cards per card region 2048
 CPUs: 4 total, 4 available
 Memory: 8071M
 Large Page Support: Disabled
 NUMA Support: Disabled
 Compressed Oops: Enabled (32-bit)
 Heap Region Size: 1M
 Heap Min Capacity: 8M
 Heap Initial Capacity: 128M
 Heap Max Capacity: 2018M
 Pre-touch: Disabled
 Parallel Workers: 4
 Concurrent Workers: 1
 Concurrent Refinement Workers: 4
 Periodic GC: Disabled

Heap:
 garbage-first heap   total 131072K, used 7168K [0x0000000081e00000, 0x0000000100000000)
  region size 1024K, 8 young (8192K), 0 survivors (0K)
 Metaspace       used 6454K, committed 6592K, reserved 1114112K
  class space    used 757K, committed 832K, reserved 1048576K

Heap Regions: E=young(eden), S=young(survivor), O=old, HS=humongous(starts), HC=humongous(continues), CS=collection set, F=free, OA=open archive, CA=closed archive, TAMS=top-at-mark-start, PB=parsable bottom
|   0|0x0000000081e00000, 0x0000000081e00000, 0x0000000081f00000|  0%| F|  |TAMS 0x0000000081e00000| PB 0x0000000081e00000| Untracked 
|   1|0x0000000081f00000, 0x0000000081f00000, 0x0000000082000000|  0%| F|  |TAMS 0x0000000081f00000| PB 0x0000000081f00000| Untracked 
|   2|0x0000000082000000, 0x0000000082000000, 0x0000000082100000|  0%| F|  |TAMS 0x0000000082000000| PB 0x0000000082000000| Untracked 
|   3|0x0000000082100000, 0x0000000082100000, 0x0000000082200000|  0%| F|  |TAMS 0x0000000082100000| PB 0x0000000082100000| Untracked 
|   4|0x0000000082200000, 0x0000000082200000, 0x0000000082300000|  0%| F|  |TAMS 0x0000000082200000| PB 0x0000000082200000| Untracked 
|   5|0x0000000082300000, 0x0000000082300000, 0x0000000082400000|  0%| F|  |TAMS 0x0000000082300000| PB 0x0000000082300000| Untracked 
|   6|0x0000000082400000, 0x0000000082400000, 0x0000000082500000|  0%| F|  |TAMS 0x0000000082400000| PB 0x0000000082400000| Untracked 
|   7|0x0000000082500000, 0x0000000082500000, 0x0000000082600000|  0%| F|  |TAMS 0x0000000082500000| PB 0x0000000082500000| Untracked 
|   8|0x0000000082600000, 0x0000000082600000, 0x0000000082700000|  0%| F|  |TAMS 0x0000000082600000| PB 0x0000000082600000| Untracked 
|   9|0x0000000082700000, 0x0000000082700000, 0x0000000082800000|  0%| F|  |TAMS 0x0000000082700000| PB 0x0000000082700000| Untracked 
|  10|0x0000000082800000, 0x0000000082800000, 0x0000000082900000|  0%| F|  |TAMS 0x0000000082800000| PB 0x0000000082800000| Untracked 
|  11|0x0000000082900000, 0x0000000082900000, 0x0000000082a00000|  0%| F|  |TAMS 0x0000000082900000| PB 0x0000000082900000| Untracked 
|  12|0x0000000082a00000, 0x0000000082a00000, 0x0000000082b00000|  0%| F|  |TAMS 0x0000000082a00000| PB 0x0000000082a00000| Untracked 
|  13|0x0000000082b00000, 0x0000000082b00000, 0x0000000082c00000|  0%| F|  |TAMS 0x0000000082b00000| PB 0x0000000082b00000| Untracked 
|  14|0x0000000082c00000, 0x0000000082c00000, 0x0000000082d00000|  0%| F|  |TAMS 0x0000000082c00000| PB 0x0000000082c00000| Untracked 
|  15|0x0000000082d00000, 0x0000000082d00000, 0x0000000082e00000|  0%| F|  |TAMS 0x0000000082d00000| PB 0x0000000082d00000| Untracked 
|  16|0x0000000082e00000, 0x0000000082e00000, 0x0000000082f00000|  0%| F|  |TAMS 0x0000000082e00000| PB 0x0000000082e00000| Untracked 
|  17|0x0000000082f00000, 0x0000000082f00000, 0x0000000083000000|  0%| F|  |TAMS 0x0000000082f00000| PB 0x0000000082f00000| Untracked 
|  18|0x0000000083000000, 0x0000000083000000, 0x0000000083100000|  0%| F|  |TAMS 0x0000000083000000| PB 0x0000000083000000| Untracked 
|  19|0x0000000083100000, 0x0000000083100000, 0x0000000083200000|  0%| F|  |TAMS 0x0000000083100000| PB 0x0000000083100000| Untracked 
|  20|0x0000000083200000, 0x0000000083200000, 0x0000000083300000|  0%| F|  |TAMS 0x0000000083200000| PB 0x0000000083200000| Untracked 
|  21|0x0000000083300000, 0x0000000083300000, 0x0000000083400000|  0%| F|  |TAMS 0x0000000083300000| PB 0x0000000083300000| Untracked 
|  22|0x0000000083400000, 0x0000000083400000, 0x0000000083500000|  0%| F|  |TAMS 0x0000000083400000| PB 0x0000000083400000| Untracked 
|  23|0x0000000083500000, 0x0000000083500000, 0x0000000083600000|  0%| F|  |TAMS 0x0000000083500000| PB 0x0000000083500000| Untracked 
|  24|0x0000000083600000, 0x0000000083600000, 0x0000000083700000|  0%| F|  |TAMS 0x0000000083600000| PB 0x0000000083600000| Untracked 
|  25|0x0000000083700000, 0x0000000083700000, 0x0000000083800000|  0%| F|  |TAMS 0x0000000083700000| PB 0x0000000083700000| Untracked 
|  26|0x0000000083800000, 0x0000000083800000, 0x0000000083900000|  0%| F|  |TAMS 0x0000000083800000| PB 0x0000000083800000| Untracked 
|  27|0x0000000083900000, 0x0000000083900000, 0x0000000083a00000|  0%| F|  |TAMS 0x0000000083900000| PB 0x0000000083900000| Untracked 
|  28|0x0000000083a00000, 0x0000000083a00000, 0x0000000083b00000|  0%| F|  |TAMS 0x0000000083a00000| PB 0x0000000083a00000| Untracked 
|  29|0x0000000083b00000, 0x0000000083b00000, 0x0000000083c00000|  0%| F|  |TAMS 0x0000000083b00000| PB 0x0000000083b00000| Untracked 
|  30|0x0000000083c00000, 0x0000000083c00000, 0x0000000083d00000|  0%| F|  |TAMS 0x0000000083c00000| PB 0x0000000083c00000| Untracked 
|  31|0x0000000083d00000, 0x0000000083d00000, 0x0000000083e00000|  0%| F|  |TAMS 0x0000000083d00000| PB 0x0000000083d00000| Untracked 
|  32|0x0000000083e00000, 0x0000000083e00000, 0x0000000083f00000|  0%| F|  |TAMS 0x0000000083e00000| PB 0x0000000083e00000| Untracked 
|  33|0x0000000083f00000, 0x0000000083f00000, 0x0000000084000000|  0%| F|  |TAMS 0x0000000083f00000| PB 0x0000000083f00000| Untracked 
|  34|0x0000000084000000, 0x0000000084000000, 0x0000000084100000|  0%| F|  |TAMS 0x0000000084000000| PB 0x0000000084000000| Untracked 
|  35|0x0000000084100000, 0x0000000084100000, 0x0000000084200000|  0%| F|  |TAMS 0x0000000084100000| PB 0x0000000084100000| Untracked 
|  36|0x0000000084200000, 0x0000000084200000, 0x0000000084300000|  0%| F|  |TAMS 0x0000000084200000| PB 0x0000000084200000| Untracked 
|  37|0x0000000084300000, 0x0000000084300000, 0x0000000084400000|  0%| F|  |TAMS 0x0000000084300000| PB 0x0000000084300000| Untracked 
|  38|0x0000000084400000, 0x0000000084400000, 0x0000000084500000|  0%| F|  |TAMS 0x0000000084400000| PB 0x0000000084400000| Untracked 
|  39|0x0000000084500000, 0x0000000084500000, 0x0000000084600000|  0%| F|  |TAMS 0x0000000084500000| PB 0x0000000084500000| Untracked 
|  40|0x0000000084600000, 0x0000000084600000, 0x0000000084700000|  0%| F|  |TAMS 0x0000000084600000| PB 0x0000000084600000| Untracked 
|  41|0x0000000084700000, 0x0000000084700000, 0x0000000084800000|  0%| F|  |TAMS 0x0000000084700000| PB 0x0000000084700000| Untracked 
|  42|0x0000000084800000, 0x0000000084800000, 0x0000000084900000|  0%| F|  |TAMS 0x0000000084800000| PB 0x0000000084800000| Untracked 
|  43|0x0000000084900000, 0x0000000084900000, 0x0000000084a00000|  0%| F|  |TAMS 0x0000000084900000| PB 0x0000000084900000| Untracked 
|  44|0x0000000084a00000, 0x0000000084a00000, 0x0000000084b00000|  0%| F|  |TAMS 0x0000000084a00000| PB 0x0000000084a00000| Untracked 
|  45|0x0000000084b00000, 0x0000000084b00000, 0x0000000084c00000|  0%| F|  |TAMS 0x0000000084b00000| PB 0x0000000084b00000| Untracked 
|  46|0x0000000084c00000, 0x0000000084c00000, 0x0000000084d00000|  0%| F|  |TAMS 0x0000000084c00000| PB 0x0000000084c00000| Untracked 
|  47|0x0000000084d00000, 0x0000000084d00000, 0x0000000084e00000|  0%| F|  |TAMS 0x0000000084d00000| PB 0x0000000084d00000| Untracked 
|  48|0x0000000084e00000, 0x0000000084e00000, 0x0000000084f00000|  0%| F|  |TAMS 0x0000000084e00000| PB 0x0000000084e00000| Untracked 
|  49|0x0000000084f00000, 0x0000000084f00000, 0x0000000085000000|  0%| F|  |TAMS 0x0000000084f00000| PB 0x0000000084f00000| Untracked 
|  50|0x0000000085000000, 0x0000000085000000, 0x0000000085100000|  0%| F|  |TAMS 0x0000000085000000| PB 0x0000000085000000| Untracked 
|  51|0x0000000085100000, 0x0000000085100000, 0x0000000085200000|  0%| F|  |TAMS 0x0000000085100000| PB 0x0000000085100000| Untracked 
|  52|0x0000000085200000, 0x0000000085200000, 0x0000000085300000|  0%| F|  |TAMS 0x0000000085200000| PB 0x0000000085200000| Untracked 
|  53|0x0000000085300000, 0x0000000085300000, 0x0000000085400000|  0%| F|  |TAMS 0x0000000085300000| PB 0x0000000085300000| Untracked 
|  54|0x0000000085400000, 0x0000000085400000, 0x0000000085500000|  0%| F|  |TAMS 0x0000000085400000| PB 0x0000000085400000| Untracked 
|  55|0x0000000085500000, 0x0000000085500000, 0x0000000085600000|  0%| F|  |TAMS 0x0000000085500000| PB 0x0000000085500000| Untracked 
|  56|0x0000000085600000, 0x0000000085600000, 0x0000000085700000|  0%| F|  |TAMS 0x0000000085600000| PB 0x0000000085600000| Untracked 
|  57|0x0000000085700000, 0x0000000085700000, 0x0000000085800000|  0%| F|  |TAMS 0x0000000085700000| PB 0x0000000085700000| Untracked 
|  58|0x0000000085800000, 0x0000000085800000, 0x0000000085900000|  0%| F|  |TAMS 0x0000000085800000| PB 0x0000000085800000| Untracked 
|  59|0x0000000085900000, 0x0000000085900000, 0x0000000085a00000|  0%| F|  |TAMS 0x0000000085900000| PB 0x0000000085900000| Untracked 
|  60|0x0000000085a00000, 0x0000000085a00000, 0x0000000085b00000|  0%| F|  |TAMS 0x0000000085a00000| PB 0x0000000085a00000| Untracked 
|  61|0x0000000085b00000, 0x0000000085b00000, 0x0000000085c00000|  0%| F|  |TAMS 0x0000000085b00000| PB 0x0000000085b00000| Untracked 
|  62|0x0000000085c00000, 0x0000000085c00000, 0x0000000085d00000|  0%| F|  |TAMS 0x0000000085c00000| PB 0x0000000085c00000| Untracked 
|  63|0x0000000085d00000, 0x0000000085d00000, 0x0000000085e00000|  0%| F|  |TAMS 0x0000000085d00000| PB 0x0000000085d00000| Untracked 
|  64|0x0000000085e00000, 0x0000000085e00000, 0x0000000085f00000|  0%| F|  |TAMS 0x0000000085e00000| PB 0x0000000085e00000| Untracked 
|  65|0x0000000085f00000, 0x0000000085f00000, 0x0000000086000000|  0%| F|  |TAMS 0x0000000085f00000| PB 0x0000000085f00000| Untracked 
|  66|0x0000000086000000, 0x0000000086000000, 0x0000000086100000|  0%| F|  |TAMS 0x0000000086000000| PB 0x0000000086000000| Untracked 
|  67|0x0000000086100000, 0x0000000086100000, 0x0000000086200000|  0%| F|  |TAMS 0x0000000086100000| PB 0x0000000086100000| Untracked 
|  68|0x0000000086200000, 0x0000000086200000, 0x0000000086300000|  0%| F|  |TAMS 0x0000000086200000| PB 0x0000000086200000| Untracked 
|  69|0x0000000086300000, 0x0000000086300000, 0x0000000086400000|  0%| F|  |TAMS 0x0000000086300000| PB 0x0000000086300000| Untracked 
|  70|0x0000000086400000, 0x0000000086400000, 0x0000000086500000|  0%| F|  |TAMS 0x0000000086400000| PB 0x0000000086400000| Untracked 
|  71|0x0000000086500000, 0x0000000086500000, 0x0000000086600000|  0%| F|  |TAMS 0x0000000086500000| PB 0x0000000086500000| Untracked 
|  72|0x0000000086600000, 0x0000000086600000, 0x0000000086700000|  0%| F|  |TAMS 0x0000000086600000| PB 0x0000000086600000| Untracked 
|  73|0x0000000086700000, 0x0000000086700000, 0x0000000086800000|  0%| F|  |TAMS 0x0000000086700000| PB 0x0000000086700000| Untracked 
|  74|0x0000000086800000, 0x0000000086800000, 0x0000000086900000|  0%| F|  |TAMS 0x0000000086800000| PB 0x0000000086800000| Untracked 
|  75|0x0000000086900000, 0x0000000086900000, 0x0000000086a00000|  0%| F|  |TAMS 0x0000000086900000| PB 0x0000000086900000| Untracked 
|  76|0x0000000086a00000, 0x0000000086a00000, 0x0000000086b00000|  0%| F|  |TAMS 0x0000000086a00000| PB 0x0000000086a00000| Untracked 
|  77|0x0000000086b00000, 0x0000000086b00000, 0x0000000086c00000|  0%| F|  |TAMS 0x0000000086b00000| PB 0x0000000086b00000| Untracked 
|  78|0x0000000086c00000, 0x0000000086c00000, 0x0000000086d00000|  0%| F|  |TAMS 0x0000000086c00000| PB 0x0000000086c00000| Untracked 
|  79|0x0000000086d00000, 0x0000000086d00000, 0x0000000086e00000|  0%| F|  |TAMS 0x0000000086d00000| PB 0x0000000086d00000| Untracked 
|  80|0x0000000086e00000, 0x0000000086e00000, 0x0000000086f00000|  0%| F|  |TAMS 0x0000000086e00000| PB 0x0000000086e00000| Untracked 
|  81|0x0000000086f00000, 0x0000000086f00000, 0x0000000087000000|  0%| F|  |TAMS 0x0000000086f00000| PB 0x0000000086f00000| Untracked 
|  82|0x0000000087000000, 0x0000000087000000, 0x0000000087100000|  0%| F|  |TAMS 0x0000000087000000| PB 0x0000000087000000| Untracked 
|  83|0x0000000087100000, 0x0000000087100000, 0x0000000087200000|  0%| F|  |TAMS 0x0000000087100000| PB 0x0000000087100000| Untracked 
|  84|0x0000000087200000, 0x0000000087200000, 0x0000000087300000|  0%| F|  |TAMS 0x0000000087200000| PB 0x0000000087200000| Untracked 
|  85|0x0000000087300000, 0x0000000087300000, 0x0000000087400000|  0%| F|  |TAMS 0x0000000087300000| PB 0x0000000087300000| Untracked 
|  86|0x0000000087400000, 0x0000000087400000, 0x0000000087500000|  0%| F|  |TAMS 0x0000000087400000| PB 0x0000000087400000| Untracked 
|  87|0x0000000087500000, 0x0000000087500000, 0x0000000087600000|  0%| F|  |TAMS 0x0000000087500000| PB 0x0000000087500000| Untracked 
|  88|0x0000000087600000, 0x0000000087600000, 0x0000000087700000|  0%| F|  |TAMS 0x0000000087600000| PB 0x0000000087600000| Untracked 
|  89|0x0000000087700000, 0x0000000087700000, 0x0000000087800000|  0%| F|  |TAMS 0x0000000087700000| PB 0x0000000087700000| Untracked 
|  90|0x0000000087800000, 0x0000000087800000, 0x0000000087900000|  0%| F|  |TAMS 0x0000000087800000| PB 0x0000000087800000| Untracked 
|  91|0x0000000087900000, 0x0000000087900000, 0x0000000087a00000|  0%| F|  |TAMS 0x0000000087900000| PB 0x0000000087900000| Untracked 
|  92|0x0000000087a00000, 0x0000000087a00000, 0x0000000087b00000|  0%| F|  |TAMS 0x0000000087a00000| PB 0x0000000087a00000| Untracked 
|  93|0x0000000087b00000, 0x0000000087b00000, 0x0000000087c00000|  0%| F|  |TAMS 0x0000000087b00000| PB 0x0000000087b00000| Untracked 
|  94|0x0000000087c00000, 0x0000000087c00000, 0x0000000087d00000|  0%| F|  |TAMS 0x0000000087c00000| PB 0x0000000087c00000| Untracked 
|  95|0x0000000087d00000, 0x0000000087d00000, 0x0000000087e00000|  0%| F|  |TAMS 0x0000000087d00000| PB 0x0000000087d00000| Untracked 
|  96|0x0000000087e00000, 0x0000000087e00000, 0x0000000087f00000|  0%| F|  |TAMS 0x0000000087e00000| PB 0x0000000087e00000| Untracked 
|  97|0x0000000087f00000, 0x0000000087f00000, 0x0000000088000000|  0%| F|  |TAMS 0x0000000087f00000| PB 0x0000000087f00000| Untracked 
|  98|0x0000000088000000, 0x0000000088000000, 0x0000000088100000|  0%| F|  |TAMS 0x0000000088000000| PB 0x0000000088000000| Untracked 
|  99|0x0000000088100000, 0x0000000088100000, 0x0000000088200000|  0%| F|  |TAMS 0x0000000088100000| PB 0x0000000088100000| Untracked 
| 100|0x0000000088200000, 0x0000000088200000, 0x0000000088300000|  0%| F|  |TAMS 0x0000000088200000| PB 0x0000000088200000| Untracked 
| 101|0x0000000088300000, 0x0000000088300000, 0x0000000088400000|  0%| F|  |TAMS 0x0000000088300000| PB 0x0000000088300000| Untracked 
| 102|0x0000000088400000, 0x0000000088400000, 0x0000000088500000|  0%| F|  |TAMS 0x0000000088400000| PB 0x0000000088400000| Untracked 
| 103|0x0000000088500000, 0x0000000088500000, 0x0000000088600000|  0%| F|  |TAMS 0x0000000088500000| PB 0x0000000088500000| Untracked 
| 104|0x0000000088600000, 0x0000000088600000, 0x0000000088700000|  0%| F|  |TAMS 0x0000000088600000| PB 0x0000000088600000| Untracked 
| 105|0x0000000088700000, 0x0000000088700000, 0x0000000088800000|  0%| F|  |TAMS 0x0000000088700000| PB 0x0000000088700000| Untracked 
| 106|0x0000000088800000, 0x0000000088800000, 0x0000000088900000|  0%| F|  |TAMS 0x0000000088800000| PB 0x0000000088800000| Untracked 
| 107|0x0000000088900000, 0x0000000088900000, 0x0000000088a00000|  0%| F|  |TAMS 0x0000000088900000| PB 0x0000000088900000| Untracked 
| 108|0x0000000088a00000, 0x0000000088a00000, 0x0000000088b00000|  0%| F|  |TAMS 0x0000000088a00000| PB 0x0000000088a00000| Untracked 
| 109|0x0000000088b00000, 0x0000000088b00000, 0x0000000088c00000|  0%| F|  |TAMS 0x0000000088b00000| PB 0x0000000088b00000| Untracked 
| 110|0x0000000088c00000, 0x0000000088c00000, 0x0000000088d00000|  0%| F|  |TAMS 0x0000000088c00000| PB 0x0000000088c00000| Untracked 
| 111|0x0000000088d00000, 0x0000000088d00000, 0x0000000088e00000|  0%| F|  |TAMS 0x0000000088d00000| PB 0x0000000088d00000| Untracked 
| 112|0x0000000088e00000, 0x0000000088e00000, 0x0000000088f00000|  0%| F|  |TAMS 0x0000000088e00000| PB 0x0000000088e00000| Untracked 
| 113|0x0000000088f00000, 0x0000000088f00000, 0x0000000089000000|  0%| F|  |TAMS 0x0000000088f00000| PB 0x0000000088f00000| Untracked 
| 114|0x0000000089000000, 0x0000000089000000, 0x0000000089100000|  0%| F|  |TAMS 0x0000000089000000| PB 0x0000000089000000| Untracked 
| 115|0x0000000089100000, 0x0000000089100000, 0x0000000089200000|  0%| F|  |TAMS 0x0000000089100000| PB 0x0000000089100000| Untracked 
| 116|0x0000000089200000, 0x0000000089200000, 0x0000000089300000|  0%| F|  |TAMS 0x0000000089200000| PB 0x0000000089200000| Untracked 
| 117|0x0000000089300000, 0x0000000089300000, 0x0000000089400000|  0%| F|  |TAMS 0x0000000089300000| PB 0x0000000089300000| Untracked 
| 118|0x0000000089400000, 0x0000000089400000, 0x0000000089500000|  0%| F|  |TAMS 0x0000000089400000| PB 0x0000000089400000| Untracked 
| 119|0x0000000089500000, 0x0000000089500000, 0x0000000089600000|  0%| F|  |TAMS 0x0000000089500000| PB 0x0000000089500000| Untracked 
| 120|0x0000000089600000, 0x0000000089685a28, 0x0000000089700000| 52%| E|  |TAMS 0x0000000089600000| PB 0x0000000089600000| Complete 
| 121|0x0000000089700000, 0x0000000089800000, 0x0000000089800000|100%| E|CS|TAMS 0x0000000089700000| PB 0x0000000089700000| Complete 
| 122|0x0000000089800000, 0x0000000089900000, 0x0000000089900000|100%| E|CS|TAMS 0x0000000089800000| PB 0x0000000089800000| Complete 
| 123|0x0000000089900000, 0x0000000089a00000, 0x0000000089a00000|100%| E|CS|TAMS 0x0000000089900000| PB 0x0000000089900000| Complete 
| 124|0x0000000089a00000, 0x0000000089b00000, 0x0000000089b00000|100%| E|CS|TAMS 0x0000000089a00000| PB 0x0000000089a00000| Complete 
| 125|0x0000000089b00000, 0x0000000089c00000, 0x0000000089c00000|100%| E|CS|TAMS 0x0000000089b00000| PB 0x0000000089b00000| Complete 
| 126|0x0000000089c00000, 0x0000000089d00000, 0x0000000089d00000|100%| E|CS|TAMS 0x0000000089c00000| PB 0x0000000089c00000| Complete 
| 127|0x0000000089d00000, 0x0000000089e00000, 0x0000000089e00000|100%| E|CS|TAMS 0x0000000089d00000| PB 0x0000000089d00000| Complete 

Card table byte_map: [0x00000232bb4f0000,0x00000232bb8f0000] _byte_map_base: 0x00000232bb0e1000

Marking Bits: (CMBitMap*) 0x00000232a408f6f0
 Bits: [0x00000232bbcf0000, 0x00000232bdc78000)

Polling page: 0x00000232a1f10000

Metaspace:

Usage:
  Non-class:      5.56 MB used.
      Class:    757.80 KB used.
       Both:      6.30 MB used.

Virtual space:
  Non-class space:       64.00 MB reserved,       5.62 MB (  9%) committed,  1 nodes.
      Class space:        1.00 GB reserved,     832.00 KB ( <1%) committed,  1 nodes.
             Both:        1.06 GB reserved,       6.44 MB ( <1%) committed. 

Chunk freelists:
   Non-Class:  2.26 MB
       Class:  3.22 MB
        Both:  5.48 MB

MaxMetaspaceSize: unlimited
CompressedClassSpaceSize: 1.00 GB
Initial GC threshold: 21.00 MB
Current GC threshold: 21.00 MB
CDS: on
MetaspaceReclaimPolicy: balanced
 - commit_granule_bytes: 65536.
 - commit_granule_words: 8192.
 - virtual_space_node_default_size: 8388608.
 - enlarge_chunks_in_place: 1.
 - new_chunks_are_fully_committed: 0.
 - uncommit_free_chunks: 1.
 - use_allocation_guard: 0.


Internal statistics:

num_allocs_failed_limit: 0.
num_arena_births: 118.
num_arena_deaths: 0.
num_vsnodes_births: 2.
num_vsnodes_deaths: 0.
num_space_committed: 103.
num_space_uncommitted: 0.
num_chunks_returned_to_freelist: 0.
num_chunks_taken_from_freelist: 158.
num_chunk_merges: 0.
num_chunk_splits: 93.
num_chunks_enlarged: 41.
num_inconsistent_stats: 0.

CodeHeap 'non-profiled nmethods': size=120000Kb used=190Kb max_used=190Kb free=119809Kb
 bounds [0x00000232b3bc0000, 0x00000232b3e30000, 0x00000232bb0f0000]
CodeHeap 'profiled nmethods': size=120000Kb used=1108Kb max_used=1108Kb free=118891Kb
 bounds [0x00000232ac0f0000, 0x00000232ac360000, 0x00000232b3620000]
CodeHeap 'non-nmethods': size=5760Kb used=1529Kb max_used=1541Kb free=4230Kb
 bounds [0x00000232b3620000, 0x00000232b3890000, 0x00000232b3bc0000]
 total_blobs=1250 nmethods=697 adapters=464
 compilation: enabled
              stopped_count=0, restarted_count=0
 full_count=0

Compilation events (20 events):
Event: 0.369 Thread 0x00000232c0182410  691       3       java.util.Locale::hasExtensions (13 bytes)
Event: 0.369 Thread 0x00000232c0182410 nmethod 691 0x00000232ac201410 code [0x00000232ac2015a0, 0x00000232ac201710]
Event: 0.369 Thread 0x00000232c0182410  692       3       sun.util.locale.BaseLocale::equals (71 bytes)
Event: 0.369 Thread 0x00000232c0182410 nmethod 692 0x00000232ac201790 code [0x00000232ac201940, 0x00000232ac201e30]
Event: 0.369 Thread 0x00000232c0182410  693       3       java.util.Locale::stripExtensions (20 bytes)
Event: 0.369 Thread 0x00000232c0182410 nmethod 693 0x00000232ac201f10 code [0x00000232ac2020c0, 0x00000232ac202340]
Event: 0.369 Thread 0x00000232c0182410  694       3       sun.invoke.util.VerifyAccess::isTypeVisible (47 bytes)
Event: 0.369 Thread 0x00000232c0182410 nmethod 694 0x00000232ac202410 code [0x00000232ac2025e0, 0x00000232ac2029e8]
Event: 0.370 Thread 0x00000232c0182410  695       3       java.lang.invoke.DirectMethodHandle::make (275 bytes)
Event: 0.371 Thread 0x00000232c0182410 nmethod 695 0x00000232ac202c10 code [0x00000232ac202f80, 0x00000232ac2042b8]
Event: 0.373 Thread 0x00000232c0182410  697       3       java.util.regex.Pattern::has (15 bytes)
Event: 0.373 Thread 0x00000232c0182410 nmethod 697 0x00000232ac204a90 code [0x00000232ac204c20, 0x00000232ac204d90]
Event: 0.373 Thread 0x00000232c0182410  698       3       java.lang.Character::charCount (12 bytes)
Event: 0.373 Thread 0x00000232c0182410 nmethod 698 0x00000232ac204e10 code [0x00000232ac204fa0, 0x00000232ac205110]
Event: 0.375 Thread 0x00000232c0182410  699       1       javax.swing.text.GapVector::getGapStart (5 bytes)
Event: 0.375 Thread 0x00000232c0182410 nmethod 699 0x00000232b3bee510 code [0x00000232b3bee680, 0x00000232b3bee748]
Event: 0.375 Thread 0x00000232c0182410  700       1       javax.swing.text.GapVector::getGapEnd (5 bytes)
Event: 0.375 Thread 0x00000232c0182410 nmethod 700 0x00000232b3bee810 code [0x00000232b3bee980, 0x00000232b3beea48]
Event: 0.375 Thread 0x00000232c0179680 nmethod 689 0x00000232b3beeb10 code [0x00000232b3beecc0, 0x00000232b3bef470]
Event: 0.376 Thread 0x00000232c0179680  696       4       java.util.regex.Matcher::search (154 bytes)

GC Heap History (0 events):
No events

Dll operation events (9 events):
Event: 0.007 Loaded shared library C:\Program Files\Java\jdk-20\bin\java.dll
Event: 0.017 Loaded shared library C:\Program Files\Java\jdk-20\bin\jsvml.dll
Event: 0.067 Loaded shared library C:\Program Files\Java\jdk-20\bin\net.dll
Event: 0.069 Loaded shared library C:\Program Files\Java\jdk-20\bin\nio.dll
Event: 0.075 Loaded shared library C:\Program Files\Java\jdk-20\bin\zip.dll
Event: 0.092 Loaded shared library C:\Program Files\Java\jdk-20\bin\jimage.dll
Event: 0.109 Loaded shared library C:\Program Files\Java\jdk-20\bin\awt.dll
Event: 0.276 Loaded shared library C:\Program Files\Java\jdk-20\bin\verify.dll
Event: 0.378 Loaded shared library C:\Program Files\Java\jdk-20\bin\freetype.dll

Deoptimization events (8 events):
Event: 0.362 Thread 0x00000232a402e0d0 Uncommon trap: trap_request=0xffffff45 fr.pc=0x00000232b3be815c relative=0x00000000000006fc
Event: 0.362 Thread 0x00000232a402e0d0 Uncommon trap: reason=unstable_if action=reinterpret pc=0x00000232b3be815c method=java.util.regex.Matcher.search(I)Z @ 30 c2
Event: 0.362 Thread 0x00000232a402e0d0 DEOPT PACKING pc=0x00000232b3be815c sp=0x000000c9224fe110
Event: 0.362 Thread 0x00000232a402e0d0 DEOPT UNPACKING pc=0x00000232b3689d22 sp=0x000000c9224fe0f0 mode 2
Event: 0.370 Thread 0x00000232a402e0d0 Uncommon trap: trap_request=0xffffff45 fr.pc=0x00000232b3be5a28 relative=0x0000000000000168
Event: 0.370 Thread 0x00000232a402e0d0 Uncommon trap: reason=unstable_if action=reinterpret pc=0x00000232b3be5a28 method=java.util.regex.Pattern$BmpCharPropertyGreedy.match(Ljava/util/regex/Matcher;ILjava/lang/CharSequence;)Z @ 12 c2
Event: 0.370 Thread 0x00000232a402e0d0 DEOPT PACKING pc=0x00000232b3be5a28 sp=0x000000c9224fe090
Event: 0.370 Thread 0x00000232a402e0d0 DEOPT UNPACKING pc=0x00000232b3689d22 sp=0x000000c9224fe028 mode 2

Classes loaded (20 events):
Event: 0.376 Loading class sun/java2d/FontSupport done
Event: 0.376 Loading class sun/font/FontManagerForSGE
Event: 0.376 Loading class sun/font/FontManager
Event: 0.376 Loading class sun/font/FontManager done
Event: 0.376 Loading class sun/font/FontManagerForSGE done
Event: 0.376 Loading class sun/font/SunFontManager done
Event: 0.376 Loading class sun/font/Font2DHandle
Event: 0.376 Loading class sun/font/Font2DHandle done
Event: 0.376 Loading class sun/font/SunFontManager$TTFilter
Event: 0.376 Loading class java/io/FilenameFilter
Event: 0.376 Loading class java/io/FilenameFilter done
Event: 0.376 Loading class sun/font/SunFontManager$TTFilter done
Event: 0.376 Loading class sun/font/SunFontManager$T1Filter
Event: 0.376 Loading class sun/font/SunFontManager$T1Filter done
Event: 0.376 Loading class sun/font/SunFontManager$1
Event: 0.376 Loading class sun/font/SunFontManager$1 done
Event: 0.376 Loading class sun/font/FontManagerNativeLibrary
Event: 0.377 Loading class sun/font/FontManagerNativeLibrary done
Event: 0.377 Loading class sun/font/FontManagerNativeLibrary$1
Event: 0.377 Loading class sun/font/FontManagerNativeLibrary$1 done

Classes unloaded (0 events):
No events

Classes redefined (0 events):
No events

Internal exceptions (9 events):
Event: 0.098 Thread 0x00000232a402e0d0 Exception <a 'java/lang/ClassNotFoundException'{0x0000000089ce5288}: sun/awt/resources/spi/awtProvider> (0x0000000089ce5288) 
thrown [s\open\src\hotspot\share\classfile\systemDictionary.cpp, line 305]
Event: 0.121 Thread 0x00000232a402e0d0 Exception <a 'java/io/FileNotFoundException'{0x0000000089b40a08}> (0x0000000089b40a08) 
thrown [s\open\src\hotspot\share\prims\jni.cpp, line 519]
Event: 0.130 Thread 0x00000232a402e0d0 Exception <a 'java/io/FileNotFoundException'{0x0000000089b6ac50}> (0x0000000089b6ac50) 
thrown [s\open\src\hotspot\share\prims\jni.cpp, line 519]
Event: 0.216 Thread 0x00000232a402e0d0 Exception <a 'java/lang/NoSuchMethodError'{0x0000000089a7ead0}: 'void java.lang.invoke.DirectMethodHandle$Holder.invokeSpecial(java.lang.Object, java.lang.Object, java.lang.Object)'> (0x0000000089a7ead0) 
thrown [s\open\src\hotspot\share\interpreter\linkResolver.cpp, line 773]
Event: 0.225 Thread 0x00000232a402e0d0 Exception <a 'java/lang/NoSuchMethodError'{0x0000000089aebea0}: 'java.lang.Object java.lang.invoke.DirectMethodHandle$Holder.newInvokeSpecial(java.lang.Object, java.lang.Object, java.lang.Object, java.lang.Object, java.lang.Object)'> (0x0000000089aebea0) 
thrown [s\open\src\hotspot\share\interpreter\linkResolver.cpp, line 773]
Event: 0.232 Thread 0x00000232a402e0d0 Exception <a 'java/lang/NoSuchMethodError'{0x000000008991cbf0}: 'java.lang.Object java.lang.invoke.DirectMethodHandle$Holder.invokeStatic(java.lang.Object, int, java.lang.Object)'> (0x000000008991cbf0) 
thrown [s\open\src\hotspot\share\interpreter\linkResolver.cpp, line 773]
Event: 0.261 Thread 0x00000232a402e0d0 Exception <a 'java/lang/ClassNotFoundException'{0x00000000899d8218}: com/sun/swing/internal/plaf/metal/resources/spi/metalProvider> (0x00000000899d8218) 
thrown [s\open\src\hotspot\share\classfile\systemDictionary.cpp, line 305]
Event: 0.262 Thread 0x00000232a402e0d0 Exception <a 'java/lang/ClassNotFoundException'{0x00000000899dc198}: com/sun/swing/internal/plaf/basic/resources/spi/basicProvider> (0x00000000899dc198) 
thrown [s\open\src\hotspot\share\classfile\systemDictionary.cpp, line 305]
Event: 0.270 Thread 0x00000232a402e0d0 Exception <a 'java/lang/NoSuchMethodError'{0x00000000899fb8b8}: 'int java.lang.invoke.Invokers$Holder.invokeExact_MT(java.lang.Object, java.lang.Object)'> (0x00000000899fb8b8) 
thrown [s\open\src\hotspot\share\interpreter\linkResolver.cpp, line 773]

VM Operations (8 events):
Event: 0.079 Executing VM operation: HandshakeAllThreads
Event: 0.079 Executing VM operation: HandshakeAllThreads done
Event: 0.137 Executing VM operation: HandshakeAllThreads
Event: 0.137 Executing VM operation: HandshakeAllThreads done
Event: 0.273 Executing VM operation: HandshakeAllThreads
Event: 0.273 Executing VM operation: HandshakeAllThreads done
Event: 0.343 Executing VM operation: HandshakeAllThreads
Event: 0.343 Executing VM operation: HandshakeAllThreads done

Events (14 events):
Event: 0.017 Thread 0x00000232a402e0d0 Thread added: 0x00000232a402e0d0
Event: 0.030 Thread 0x00000232c0141e30 Thread added: 0x00000232c0141e30
Event: 0.030 Thread 0x00000232c014ac50 Thread added: 0x00000232c014ac50
Event: 0.030 Thread 0x00000232c014e2f0 Thread added: 0x00000232c014e2f0
Event: 0.031 Thread 0x00000232c016fe50 Thread added: 0x00000232c016fe50
Event: 0.031 Thread 0x00000232c01737b0 Thread added: 0x00000232c01737b0
Event: 0.031 Thread 0x00000232c0175100 Thread added: 0x00000232c0175100
Event: 0.031 Thread 0x00000232c0179680 Thread added: 0x00000232c0179680
Event: 0.031 Thread 0x00000232c0182410 Thread added: 0x00000232c0182410
Event: 0.050 Thread 0x00000232c450eb60 Thread added: 0x00000232c450eb60
Event: 0.053 Thread 0x00000232c4525f80 Thread added: 0x00000232c4525f80
Event: 0.173 Thread 0x00000232c47427d0 Thread added: 0x00000232c47427d0
Event: 0.174 Thread 0x00000232c4742d20 Thread added: 0x00000232c4742d20
Event: 0.176 Thread 0x00000232c477fdd0 Thread added: 0x00000232c477fdd0


Dynamic libraries:
0x00007ff6bd000000 - 0x00007ff6bd010000 	C:\Program Files\Java\jdk-20\bin\java.exe
0x00007ffea7230000 - 0x00007ffea7428000 	C:\Windows\SYSTEM32\ntdll.dll
0x00007ffea6cf0000 - 0x00007ffea6daf000 	C:\Windows\System32\KERNEL32.DLL
0x00007ffea4c10000 - 0x00007ffea4eea000 	C:\Windows\System32\KERNELBASE.dll
0x00007ffea4b10000 - 0x00007ffea4c10000 	C:\Windows\System32\ucrtbase.dll
0x00007ffe90a10000 - 0x00007ffe90a29000 	C:\Program Files\Java\jdk-20\bin\jli.dll
0x00007ffe9ebb0000 - 0x00007ffe9ebcb000 	C:\Program Files\Java\jdk-20\bin\VCRUNTIME140.dll
0x00007ffea6250000 - 0x00007ffea62fe000 	C:\Windows\System32\ADVAPI32.dll
0x00007ffea61b0000 - 0x00007ffea624e000 	C:\Windows\System32\msvcrt.dll
0x00007ffea6e20000 - 0x00007ffea6ebc000 	C:\Windows\System32\sechost.dll
0x00007ffea7080000 - 0x00007ffea71a6000 	C:\Windows\System32\RPCRT4.dll
0x00007ffea5320000 - 0x00007ffea54bd000 	C:\Windows\System32\USER32.dll
0x00007ffea4ae0000 - 0x00007ffea4b02000 	C:\Windows\System32\win32u.dll
0x00007ffe8f360000 - 0x00007ffe8f5fa000 	C:\Windows\WinSxS\amd64_microsoft.windows.common-controls_6595b64144ccf1df_6.0.19041.1110_none_60b5254171f9507e\COMCTL32.dll
0x00007ffea56e0000 - 0x00007ffea570b000 	C:\Windows\System32\GDI32.dll
0x00007ffea4f60000 - 0x00007ffea5070000 	C:\Windows\System32\gdi32full.dll
0x00007ffea4a40000 - 0x00007ffea4add000 	C:\Windows\System32\msvcp_win.dll
0x00007ffe915d0000 - 0x00007ffe915da000 	C:\Windows\SYSTEM32\VERSION.dll
0x00007ffea71b0000 - 0x00007ffea71e0000 	C:\Windows\System32\IMM32.DLL
0x00007ffe9f230000 - 0x00007ffe9f23c000 	C:\Program Files\Java\jdk-20\bin\vcruntime140_1.dll
0x00007ffe91420000 - 0x00007ffe914ae000 	C:\Program Files\Java\jdk-20\bin\msvcp140.dll
0x00007ffe76dd0000 - 0x00007ffe77a67000 	C:\Program Files\Java\jdk-20\bin\server\jvm.dll
0x00007ffe9f200000 - 0x00007ffe9f209000 	C:\Windows\SYSTEM32\WSOCK32.dll
0x00007ffe8efa0000 - 0x00007ffe8efc7000 	C:\Windows\SYSTEM32\WINMM.dll
0x00007ffea6db0000 - 0x00007ffea6e1b000 	C:\Windows\System32\WS2_32.dll
0x00007ffea3150000 - 0x00007ffea3162000 	C:\Windows\SYSTEM32\kernel.appcore.dll
0x00007ffe9ed00000 - 0x00007ffe9ed0a000 	C:\Program Files\Java\jdk-20\bin\jimage.dll
0x00007ffea2550000 - 0x00007ffea2734000 	C:\Windows\SYSTEM32\DBGHELP.DLL
0x00007ffe8f780000 - 0x00007ffe8f7b4000 	C:\Windows\SYSTEM32\dbgcore.DLL
0x00007ffea5070000 - 0x00007ffea50f2000 	C:\Windows\System32\bcryptPrimitives.dll
0x00007ffe9c200000 - 0x00007ffe9c226000 	C:\Program Files\Java\jdk-20\bin\java.dll
0x00007ffe89c40000 - 0x00007ffe89d17000 	C:\Program Files\Java\jdk-20\bin\jsvml.dll
0x00007ffea64b0000 - 0x00007ffea6bf4000 	C:\Windows\System32\SHELL32.dll
0x00007ffea29a0000 - 0x00007ffea3133000 	C:\Windows\SYSTEM32\windows.storage.dll
0x00007ffea5890000 - 0x00007ffea5be4000 	C:\Windows\System32\combase.dll
0x00007ffea4310000 - 0x00007ffea433e000 	C:\Windows\SYSTEM32\Wldp.dll
0x00007ffea6fd0000 - 0x00007ffea707d000 	C:\Windows\System32\SHCORE.dll
0x00007ffea6ec0000 - 0x00007ffea6f15000 	C:\Windows\System32\shlwapi.dll
0x00007ffea4880000 - 0x00007ffea489f000 	C:\Windows\SYSTEM32\profapi.dll
0x00007ffe9eb10000 - 0x00007ffe9eb23000 	C:\Program Files\Java\jdk-20\bin\net.dll
0x00007ffe9c950000 - 0x00007ffe9ca5a000 	C:\Windows\SYSTEM32\WINHTTP.dll
0x00007ffea40a0000 - 0x00007ffea410a000 	C:\Windows\system32\mswsock.dll
0x00007ffe9ea90000 - 0x00007ffe9eaa6000 	C:\Program Files\Java\jdk-20\bin\nio.dll
0x00007ffe926c0000 - 0x00007ffe926d8000 	C:\Program Files\Java\jdk-20\bin\zip.dll
0x00007ffe89900000 - 0x00007ffe89a91000 	C:\Program Files\Java\jdk-20\bin\awt.dll
0x00007ffea6c00000 - 0x00007ffea6ccd000 	C:\Windows\System32\OLEAUT32.dll
0x00007ffea1d90000 - 0x00007ffea1e20000 	C:\Windows\SYSTEM32\apphelp.dll
0x00007ffea2210000 - 0x00007ffea223f000 	C:\Windows\system32\DWMAPI.DLL
0x00007ffea1f30000 - 0x00007ffea1fce000 	C:\Windows\system32\uxtheme.dll
0x00007ffe7a5c0000 - 0x00007ffe7a6e5000 	C:\Windows\system32\opengl32.dll
0x00007ffe913f0000 - 0x00007ffe9141c000 	C:\Windows\SYSTEM32\GLU32.dll
0x00007ffea5710000 - 0x00007ffea5824000 	C:\Windows\System32\MSCTF.dll
0x00007ffea6300000 - 0x00007ffea642a000 	C:\Windows\System32\ole32.dll
0x00007ffe679d0000 - 0x00007ffe67a74000 	E:\ApplicationApp\Letasoft Sound Booster\SBH64.dll
0x00007ffe8ea60000 - 0x00007ffe8ea79000 	C:\Windows\SYSTEM32\NETAPI32.dll
0x00007ffea3e70000 - 0x00007ffea3e7c000 	C:\Windows\SYSTEM32\NETUTILS.DLL
0x00007ffe67920000 - 0x00007ffe679c3000 	E:\ApplicationApp\Letasoft Sound Booster\Filters\limit.dll
0x00007ffea3ad0000 - 0x00007ffea3ae9000 	C:\Windows\SYSTEM32\wkscli.dll
0x00007ffe82830000 - 0x00007ffe82842000 	C:\Windows\SYSTEM32\cscapi.dll
0x00007ffe9ebe0000 - 0x00007ffe9ebf0000 	C:\Program Files\Java\jdk-20\bin\verify.dll
0x00007ffe8a6b0000 - 0x00007ffe8a736000 	C:\Program Files\Java\jdk-20\bin\freetype.dll
0x00007ffe89830000 - 0x00007ffe898f6000 	C:\Program Files\Java\jdk-20\bin\fontmanager.dll

dbghelp: loaded successfully - version: 4.0.5 - missing functions: none
symbol engine: initialized successfully - sym options: 0x614 - pdb path: .;C:\Program Files\Java\jdk-20\bin;C:\Windows\SYSTEM32;C:\Windows\WinSxS\amd64_microsoft.windows.common-controls_6595b64144ccf1df_6.0.19041.1110_none_60b5254171f9507e;C:\Program Files\Java\jdk-20\bin\server;E:\ApplicationApp\Letasoft Sound Booster;E:\ApplicationApp\Letasoft Sound Booster\Filters

VM Arguments:
java_command: com.mycompany.quanlythuchi.QuanLyThuChi
java_class_path (initial): C:\Users\admin\Desktop\QuanLyThuChi\target\classes;C:\Users\admin\.m2\repository\mysql\mysql-connector-java\8.0.27\mysql-connector-java-8.0.27.jar;C:\Users\admin\.m2\repository\com\google\protobuf\protobuf-java\3.11.4\protobuf-java-3.11.4.jar;C:\Users\admin\.m2\repository\unknown\binary\AbsoluteLayout\SNAPSHOT\AbsoluteLayout-SNAPSHOT.jar;C:\Users\admin\.m2\repository\com\toedter\jcalendar\1.4\jcalendar-1.4.jar
Launcher Type: SUN_STANDARD

[Global flags]
     intx CICompilerCount                          = 3                                         {product} {ergonomic}
     uint ConcGCThreads                            = 1                                         {product} {ergonomic}
     uint G1ConcRefinementThreads                  = 4                                         {product} {ergonomic}
   size_t G1HeapRegionSize                         = 1048576                                   {product} {ergonomic}
    uintx GCDrainStackTargetSize                   = 64                                        {product} {ergonomic}
   size_t InitialHeapSize                          = 134217728                                 {product} {ergonomic}
   size_t MarkStackSize                            = 4194304                                   {product} {ergonomic}
   size_t MaxHeapSize                              = 2116026368                                {product} {ergonomic}
   size_t MaxNewSize                               = 1268776960                                {product} {ergonomic}
   size_t MinHeapDeltaBytes                        = 1048576                                   {product} {ergonomic}
   size_t MinHeapSize                              = 8388608                                   {product} {ergonomic}
    uintx NonNMethodCodeHeapSize                   = 5832780                                {pd product} {ergonomic}
    uintx NonProfiledCodeHeapSize                  = 122912730                              {pd product} {ergonomic}
    uintx ProfiledCodeHeapSize                     = 122912730                              {pd product} {ergonomic}
    uintx ReservedCodeCacheSize                    = 251658240                              {pd product} {ergonomic}
     bool SegmentedCodeCache                       = true                                      {product} {ergonomic}
   size_t SoftMaxHeapSize                          = 2116026368                             {manageable} {ergonomic}
     bool UseCompressedClassPointers               = true                           {product lp64_product} {ergonomic}
     bool UseCompressedOops                        = true                           {product lp64_product} {ergonomic}
     bool UseG1GC                                  = true                                      {product} {ergonomic}
     bool UseLargePagesIndividualAllocation        = false                                  {pd product} {ergonomic}

Logging:
Log output configuration:
 #0: stdout all=warning uptime,level,tags foldmultilines=false
 #1: stderr all=off uptime,level,tags foldmultilines=false

Environment Variables:
JAVA_HOME=C:\Program Files\Java\jdk-20
PATH=C:\Program Files\Common Files\Oracle\Java\javapath;C:\Program Files\Microsoft\jdk-11.0.16.101-hotspot\bin;C:\Program Files (x86)\Intel\iCLS Client\;C:\Program Files\Intel\iCLS Client\;C:\Windows\system32;C:\Windows;C:\Windows\System32\Wbem;C:\Windows\System32\WindowsPowerShell\v1.0\;C:\Windows\System32\OpenSSH\;C:\Program Files (x86)\Intel\Intel(R) Management Engine Components\DAL;C:\Program Files\Intel\Intel(R) Management Engine Components\DAL;C:\Program Files (x86)\Intel\Intel(R) Management Engine Components\IPT;C:\Program Files\Intel\Intel(R) Management Engine Components\IPT;E:\ApplicationApp\Git\cmd;C:\Program Files\Microsoft SQL Server\150\Tools\Binn\;C:\Program Files\Microsoft SQL Server\130\Tools\Binn\;C:\xampp\mysql\bin;C:\msys64\mingw64\bin;C:\msys64\mingw64\include;C:\Program Files\Microsoft SQL Server\Client SDK\ODBC\170\Tools\Binn\;C:\Program Files\dotnet\;C:\Program Files\MySQL\MySQL Shell 8.0\bin\;C:\Users\admin\AppData\Local\Microsoft\WindowsApps;C:\Users\admin\AppData\Local\Programs\Microsoft VS Code\bin;C:\msys64\mingw64\bin;C:\msys64\mingw64\include;C:\Users\admin\.dotnet\tools;C:\src\flutter\bin;C:\Windows\System32;
USERNAME=Line's laptop
OS=Windows_NT
PROCESSOR_IDENTIFIER=Intel64 Family 6 Model 142 Stepping 10, GenuineIntel
TMP=C:\Users\admin\AppData\Local\Temp
TEMP=C:\Users\admin\AppData\Local\Temp




---------------  S Y S T E M  ---------------

OS:
 Windows 10 , 64 bit Build 19041 (10.0.19041.2788)
OS uptime: 1 days 1:11 hours
Hyper-V role detected

CPU: total 4 (initial active 4) (2 cores per cpu, 2 threads per core) family 6 model 142 stepping 10 microcode 0xb4, cx8, cmov, fxsr, ht, mmx, 3dnowpref, sse, sse2, sse3, ssse3, sse4.1, sse4.2, popcnt, lzcnt, tsc, tscinvbit, avx, avx2, aes, erms, clmul, bmi1, bmi2, adx, fma, vzeroupper, clflush, clflushopt, hv, rdtscp, f16c

Memory: 4k page, system-wide physical 8071M (1992M free)
TotalPageFile size 8071M (AvailPageFile size 5M)
current process WorkingSet (physical memory assigned to process): 55M, peak: 55M
current process commit charge ("private bytes"): 212M, peak: 212M

vm_info: Java HotSpot(TM) 64-Bit Server VM (20+36-2344) for windows-amd64 JRE (20+36-2344), built on 2023-02-10T19:30:15Z by "mach5one" with MS VC++ 17.1 (VS2022)

END.
